ARM GAS  C:\Users\jimvr\AppData\Local\Temp\ccpoIzzT.s 			page 1


   1              		.syntax unified
   2              		.cpu cortex-m3
   3              		.fpu softvfp
   4              		.eabi_attribute 20, 1
   5              		.eabi_attribute 21, 1
   6              		.eabi_attribute 23, 3
   7              		.eabi_attribute 24, 1
   8              		.eabi_attribute 25, 1
   9              		.eabi_attribute 26, 1
  10              		.eabi_attribute 30, 1
  11              		.eabi_attribute 34, 1
  12              		.eabi_attribute 18, 4
  13              		.thumb
  14              		.syntax unified
  15              		.file	"queue.c"
  16              		.text
  17              	.Ltext0:
  18              		.cfi_sections	.debug_frame
  19              		.section	.text.queue_dequeue,"ax",%progbits
  20              		.align	2
  21              		.global	queue_dequeue
  22              		.thumb
  23              		.thumb_func
  24              		.type	queue_dequeue, %function
  25              	queue_dequeue:
  26              	.LFB1:
  27              		.file 1 "queue.c"
   1:queue.c       **** /*
   2:queue.c       **** 
   3:queue.c       ****     queue.c
   4:queue.c       ****     *****************************************************************************
   5:queue.c       ****     * Copyright (2014 - 2019) The NED Group
   6:queue.c       ****     ******************************************************************************
   7:queue.c       ****     see main.c for full disclaimer
   8:queue.c       ****     
   9:queue.c       **** */
  10:queue.c       ****     
  11:queue.c       **** 
  12:queue.c       **** #include <stdbool.h>
  13:queue.c       **** #include "queue.h"
  14:queue.c       **** #include "rdm.h"
  15:queue.c       **** 
  16:queue.c       **** extern structQueueItem Queue[QUEUE_LENGTH];
  17:queue.c       **** extern uint8 QueueMemory[QUEUE_MEMORY];
  18:queue.c       **** extern uint8 QueueIndex;
  19:queue.c       **** extern uint8* QueueMemPtr;
  20:queue.c       **** extern uint8 QueueMemLen;
  21:queue.c       **** 
  22:queue.c       **** extern bool RDM_pendingDequeue;
  23:queue.c       **** 
  24:queue.c       **** bool queue_enqueue(uint16 parameterID, uint8 commandClass, uint8* Data, uint8 DataLength)
  25:queue.c       **** {
  26:queue.c       ****     structQueueItem QI;
  27:queue.c       ****     QI.uiParameterID = CYSWAP_ENDIAN16(parameterID);
  28:queue.c       ****     QI.byCommandClass = commandClass;
  29:queue.c       **** 
  30:queue.c       ****     if (DataLength > QueueMemLen || QueueIndex >= QUEUE_LENGTH)
ARM GAS  C:\Users\jimvr\AppData\Local\Temp\ccpoIzzT.s 			page 2


  31:queue.c       ****         queue_dequeue();
  32:queue.c       **** 
  33:queue.c       ****     QI.byParameterData = QueueMemPtr;
  34:queue.c       ****     QI.byParameterLength = DataLength;
  35:queue.c       ****     memcpy(QueueMemPtr, Data, DataLength);
  36:queue.c       **** 
  37:queue.c       ****     QueueMemPtr += DataLength;
  38:queue.c       ****     QueueMemLen -= DataLength;
  39:queue.c       **** 
  40:queue.c       ****     Queue[QueueIndex] = QI;
  41:queue.c       ****     QueueIndex++;
  42:queue.c       **** 
  43:queue.c       ****     RDM_pendingDequeue = true;
  44:queue.c       ****     return true;
  45:queue.c       **** }
  46:queue.c       **** 
  47:queue.c       **** void queue_dequeue()
  48:queue.c       **** {
  28              		.loc 1 48 0
  29              		.cfi_startproc
  30              		@ args = 0, pretend = 0, frame = 0
  31              		@ frame_needed = 0, uses_anonymous_args = 0
  32 0000 F8B5     		push	{r3, r4, r5, r6, r7, lr}
  33              		.cfi_def_cfa_offset 24
  34              		.cfi_offset 3, -24
  35              		.cfi_offset 4, -20
  36              		.cfi_offset 5, -16
  37              		.cfi_offset 6, -12
  38              		.cfi_offset 7, -8
  39              		.cfi_offset 14, -4
  49:queue.c       ****     uint8 memLen = Queue[0].byParameterLength;
  40              		.loc 1 49 0
  41 0002 184B     		ldr	r3, .L7
  42 0004 DD78     		ldrb	r5, [r3, #3]	@ zero_extendqisi2
  43              	.LVL0:
  50:queue.c       ****     uint8 i;
  51:queue.c       **** 
  52:queue.c       ****     if (!QueueIndex)
  44              		.loc 1 52 0
  45 0006 184B     		ldr	r3, .L7+4
  46 0008 1E78     		ldrb	r6, [r3]	@ zero_extendqisi2
  47 000a 56B3     		cbz	r6, .L1
  53:queue.c       ****         return;
  54:queue.c       **** 
  55:queue.c       ****     memmove(&Queue, &Queue[1], QUEUE_LENGTH - 1);
  48              		.loc 1 55 0
  49 000c 1749     		ldr	r1, .L7+8
  50 000e A1F10807 		sub	r7, r1, #8
  51 0012 0922     		movs	r2, #9
  52 0014 3846     		mov	r0, r7
  53 0016 FFF7FEFF 		bl	memmove
  54              	.LVL1:
  56:queue.c       ****     memset(&Queue[QUEUE_LENGTH - 1], 0, sizeof(structQueueItem));
  55              		.loc 1 56 0
  56 001a 0024     		movs	r4, #0
  57 001c BC64     		str	r4, [r7, #72]	@ unaligned
  58 001e FC64     		str	r4, [r7, #76]	@ unaligned
ARM GAS  C:\Users\jimvr\AppData\Local\Temp\ccpoIzzT.s 			page 3


  57:queue.c       **** 
  58:queue.c       ****     memmove(QueueMemory, &QueueMemory[memLen], QUEUE_MEMORY - memLen);
  59              		.loc 1 58 0
  60 0020 1348     		ldr	r0, .L7+12
  61 0022 C5F11402 		rsb	r2, r5, #20
  62 0026 4119     		adds	r1, r0, r5
  63 0028 FFF7FEFF 		bl	memmove
  64              	.LVL2:
  59:queue.c       **** 
  60:queue.c       ****     for (i = 0; i < QUEUE_LENGTH; i++)
  65              		.loc 1 60 0
  66 002c 2346     		mov	r3, r4
  67 002e 0BE0     		b	.L3
  68              	.LVL3:
  69              	.L5:
  61:queue.c       ****         if (Queue[i].uiParameterID)
  70              		.loc 1 61 0
  71 0030 0C4A     		ldr	r2, .L7
  72 0032 32F83320 		ldrh	r2, [r2, r3, lsl #3]	@ unaligned
  73 0036 2AB1     		cbz	r2, .L4
  62:queue.c       ****             Queue[i].byParameterData -= memLen;
  74              		.loc 1 62 0
  75 0038 0A4A     		ldr	r2, .L7
  76 003a 02EBC302 		add	r2, r2, r3, lsl #3
  77 003e 5168     		ldr	r1, [r2, #4]	@ unaligned
  78 0040 491B     		subs	r1, r1, r5
  79 0042 5160     		str	r1, [r2, #4]	@ unaligned
  80              	.L4:
  60:queue.c       ****         if (Queue[i].uiParameterID)
  81              		.loc 1 60 0 discriminator 2
  82 0044 0133     		adds	r3, r3, #1
  83              	.LVL4:
  84 0046 DBB2     		uxtb	r3, r3
  85              	.LVL5:
  86              	.L3:
  60:queue.c       ****         if (Queue[i].uiParameterID)
  87              		.loc 1 60 0 is_stmt 0 discriminator 1
  88 0048 092B     		cmp	r3, #9
  89 004a F1D9     		bls	.L5
  63:queue.c       **** 
  64:queue.c       ****     QueueMemPtr -= memLen;
  90              		.loc 1 64 0 is_stmt 1
  91 004c 094A     		ldr	r2, .L7+16
  92 004e 1368     		ldr	r3, [r2]
  93              	.LVL6:
  94 0050 5B1B     		subs	r3, r3, r5
  95 0052 1360     		str	r3, [r2]
  65:queue.c       ****     QueueMemLen += memLen;
  96              		.loc 1 65 0
  97 0054 084A     		ldr	r2, .L7+20
  98 0056 1378     		ldrb	r3, [r2]	@ zero_extendqisi2
  99 0058 1D44     		add	r5, r5, r3
 100              	.LVL7:
 101 005a 1570     		strb	r5, [r2]
  66:queue.c       ****     QueueIndex--;
 102              		.loc 1 66 0
 103 005c 013E     		subs	r6, r6, #1
ARM GAS  C:\Users\jimvr\AppData\Local\Temp\ccpoIzzT.s 			page 4


 104 005e 024B     		ldr	r3, .L7+4
 105 0060 1E70     		strb	r6, [r3]
 106              	.L1:
 107 0062 F8BD     		pop	{r3, r4, r5, r6, r7, pc}
 108              	.L8:
 109              		.align	2
 110              	.L7:
 111 0064 00000000 		.word	Queue
 112 0068 00000000 		.word	QueueIndex
 113 006c 08000000 		.word	Queue+8
 114 0070 00000000 		.word	QueueMemory
 115 0074 00000000 		.word	QueueMemPtr
 116 0078 00000000 		.word	QueueMemLen
 117              		.cfi_endproc
 118              	.LFE1:
 119              		.size	queue_dequeue, .-queue_dequeue
 120              		.section	.text.queue_enqueue,"ax",%progbits
 121              		.align	2
 122              		.global	queue_enqueue
 123              		.thumb
 124              		.thumb_func
 125              		.type	queue_enqueue, %function
 126              	queue_enqueue:
 127              	.LFB0:
  25:queue.c       ****     structQueueItem QI;
 128              		.loc 1 25 0
 129              		.cfi_startproc
 130              		@ args = 0, pretend = 0, frame = 8
 131              		@ frame_needed = 0, uses_anonymous_args = 0
 132              	.LVL8:
 133 0000 70B5     		push	{r4, r5, r6, lr}
 134              		.cfi_def_cfa_offset 16
 135              		.cfi_offset 4, -16
 136              		.cfi_offset 5, -12
 137              		.cfi_offset 6, -8
 138              		.cfi_offset 14, -4
 139 0002 82B0     		sub	sp, sp, #8
 140              		.cfi_def_cfa_offset 24
 141 0004 1646     		mov	r6, r2
 142 0006 1C46     		mov	r4, r3
  27:queue.c       ****     QI.byCommandClass = commandClass;
 143              		.loc 1 27 0
 144 0008 40BA     		rev16	r0, r0
 145              	.LVL9:
 146 000a ADF80000 		strh	r0, [sp]	@ movhi
  28:queue.c       **** 
 147              		.loc 1 28 0
 148 000e 8DF80210 		strb	r1, [sp, #2]
  30:queue.c       ****         queue_dequeue();
 149              		.loc 1 30 0
 150 0012 154B     		ldr	r3, .L13
 151              	.LVL10:
 152 0014 1B78     		ldrb	r3, [r3]	@ zero_extendqisi2
 153 0016 A342     		cmp	r3, r4
 154 0018 03D3     		bcc	.L10
  30:queue.c       ****         queue_dequeue();
 155              		.loc 1 30 0 is_stmt 0 discriminator 1
ARM GAS  C:\Users\jimvr\AppData\Local\Temp\ccpoIzzT.s 			page 5


 156 001a 144B     		ldr	r3, .L13+4
 157 001c 1B78     		ldrb	r3, [r3]	@ zero_extendqisi2
 158 001e 092B     		cmp	r3, #9
 159 0020 01D9     		bls	.L11
 160              	.L10:
  31:queue.c       **** 
 161              		.loc 1 31 0 is_stmt 1
 162 0022 FFF7FEFF 		bl	queue_dequeue
 163              	.LVL11:
 164              	.L11:
  33:queue.c       ****     QI.byParameterLength = DataLength;
 165              		.loc 1 33 0
 166 0026 124D     		ldr	r5, .L13+8
 167 0028 2868     		ldr	r0, [r5]
 168 002a 0190     		str	r0, [sp, #4]
  34:queue.c       ****     memcpy(QueueMemPtr, Data, DataLength);
 169              		.loc 1 34 0
 170 002c 8DF80340 		strb	r4, [sp, #3]
  35:queue.c       **** 
 171              		.loc 1 35 0
 172 0030 2246     		mov	r2, r4
 173 0032 3146     		mov	r1, r6
 174 0034 FFF7FEFF 		bl	memcpy
 175              	.LVL12:
  37:queue.c       ****     QueueMemLen -= DataLength;
 176              		.loc 1 37 0
 177 0038 2B68     		ldr	r3, [r5]
 178 003a 2344     		add	r3, r3, r4
 179 003c 2B60     		str	r3, [r5]
  38:queue.c       **** 
 180              		.loc 1 38 0
 181 003e 0A4A     		ldr	r2, .L13
 182 0040 1378     		ldrb	r3, [r2]	@ zero_extendqisi2
 183 0042 1C1B     		subs	r4, r3, r4
 184 0044 1470     		strb	r4, [r2]
  40:queue.c       ****     QueueIndex++;
 185              		.loc 1 40 0
 186 0046 094C     		ldr	r4, .L13+4
 187 0048 2378     		ldrb	r3, [r4]	@ zero_extendqisi2
 188 004a 0A4D     		ldr	r5, .L13+12
 189 004c 05EBC306 		add	r6, r5, r3, lsl #3
 190              	.LVL13:
 191 0050 6A46     		mov	r2, sp
 192 0052 03CA     		ldmia	r2!, {r0, r1}
 193 0054 45F83300 		str	r0, [r5, r3, lsl #3]	@ unaligned
 194 0058 7160     		str	r1, [r6, #4]	@ unaligned
  41:queue.c       **** 
 195              		.loc 1 41 0
 196 005a 0133     		adds	r3, r3, #1
 197 005c 2370     		strb	r3, [r4]
  43:queue.c       ****     return true;
 198              		.loc 1 43 0
 199 005e 0120     		movs	r0, #1
 200 0060 054B     		ldr	r3, .L13+16
 201 0062 1870     		strb	r0, [r3]
  45:queue.c       **** 
 202              		.loc 1 45 0
ARM GAS  C:\Users\jimvr\AppData\Local\Temp\ccpoIzzT.s 			page 6


 203 0064 02B0     		add	sp, sp, #8
 204              		.cfi_def_cfa_offset 16
 205              		@ sp needed
 206 0066 70BD     		pop	{r4, r5, r6, pc}
 207              	.LVL14:
 208              	.L14:
 209              		.align	2
 210              	.L13:
 211 0068 00000000 		.word	QueueMemLen
 212 006c 00000000 		.word	QueueIndex
 213 0070 00000000 		.word	QueueMemPtr
 214 0074 00000000 		.word	Queue
 215 0078 00000000 		.word	RDM_pendingDequeue
 216              		.cfi_endproc
 217              	.LFE0:
 218              		.size	queue_enqueue, .-queue_enqueue
 219              		.section	.text.queue_front,"ax",%progbits
 220              		.align	2
 221              		.global	queue_front
 222              		.thumb
 223              		.thumb_func
 224              		.type	queue_front, %function
 225              	queue_front:
 226              	.LFB2:
  67:queue.c       **** }
  68:queue.c       **** 
  69:queue.c       **** structQueueItem queue_front()
  70:queue.c       **** {
 227              		.loc 1 70 0
 228              		.cfi_startproc
 229              		@ args = 0, pretend = 0, frame = 0
 230              		@ frame_needed = 0, uses_anonymous_args = 0
 231              		@ link register save eliminated.
 232              	.LVL15:
  71:queue.c       ****     return Queue[0];
 233              		.loc 1 71 0
 234 0000 024A     		ldr	r2, .L16
 235 0002 1168     		ldr	r1, [r2]	@ unaligned
 236 0004 5268     		ldr	r2, [r2, #4]	@ unaligned
 237 0006 0160     		str	r1, [r0]	@ unaligned
 238 0008 4260     		str	r2, [r0, #4]	@ unaligned
  72:queue.c       **** }
 239              		.loc 1 72 0
 240 000a 7047     		bx	lr
 241              	.L17:
 242              		.align	2
 243              	.L16:
 244 000c 00000000 		.word	Queue
 245              		.cfi_endproc
 246              	.LFE2:
 247              		.size	queue_front, .-queue_front
 248              		.section	.text.queue_count,"ax",%progbits
 249              		.align	2
 250              		.global	queue_count
 251              		.thumb
 252              		.thumb_func
 253              		.type	queue_count, %function
ARM GAS  C:\Users\jimvr\AppData\Local\Temp\ccpoIzzT.s 			page 7


 254              	queue_count:
 255              	.LFB3:
  73:queue.c       **** 
  74:queue.c       **** uint8 queue_count()
  75:queue.c       **** {
 256              		.loc 1 75 0
 257              		.cfi_startproc
 258              		@ args = 0, pretend = 0, frame = 0
 259              		@ frame_needed = 0, uses_anonymous_args = 0
 260              		@ link register save eliminated.
  76:queue.c       ****     return QueueIndex;
  77:queue.c       **** }
 261              		.loc 1 77 0
 262 0000 014B     		ldr	r3, .L19
 263 0002 1878     		ldrb	r0, [r3]	@ zero_extendqisi2
 264 0004 7047     		bx	lr
 265              	.L20:
 266 0006 00BF     		.align	2
 267              	.L19:
 268 0008 00000000 		.word	QueueIndex
 269              		.cfi_endproc
 270              	.LFE3:
 271              		.size	queue_count, .-queue_count
 272              		.text
 273              	.Letext0:
 274              		.file 2 "cytypes.h"
 275              		.file 3 "queue.h"
 276              		.file 4 "<built-in>"
 277              		.section	.debug_info,"",%progbits
 278              	.Ldebug_info0:
 279 0000 D9020000 		.4byte	0x2d9
 280 0004 0400     		.2byte	0x4
 281 0006 00000000 		.4byte	.Ldebug_abbrev0
 282 000a 04       		.byte	0x4
 283 000b 01       		.uleb128 0x1
 284 000c 0D020000 		.4byte	.LASF37
 285 0010 0C       		.byte	0xc
 286 0011 54010000 		.4byte	.LASF38
 287 0015 83010000 		.4byte	.LASF39
 288 0019 00000000 		.4byte	.Ldebug_ranges0+0
 289 001d 00000000 		.4byte	0
 290 0021 00000000 		.4byte	.Ldebug_line0
 291 0025 02       		.uleb128 0x2
 292 0026 01       		.byte	0x1
 293 0027 06       		.byte	0x6
 294 0028 D5000000 		.4byte	.LASF0
 295 002c 02       		.uleb128 0x2
 296 002d 01       		.byte	0x1
 297 002e 08       		.byte	0x8
 298 002f BB000000 		.4byte	.LASF1
 299 0033 02       		.uleb128 0x2
 300 0034 02       		.byte	0x2
 301 0035 05       		.byte	0x5
 302 0036 00000000 		.4byte	.LASF2
 303 003a 02       		.uleb128 0x2
 304 003b 02       		.byte	0x2
 305 003c 07       		.byte	0x7
ARM GAS  C:\Users\jimvr\AppData\Local\Temp\ccpoIzzT.s 			page 8


 306 003d 15010000 		.4byte	.LASF3
 307 0041 02       		.uleb128 0x2
 308 0042 04       		.byte	0x4
 309 0043 05       		.byte	0x5
 310 0044 8D000000 		.4byte	.LASF4
 311 0048 02       		.uleb128 0x2
 312 0049 04       		.byte	0x4
 313 004a 07       		.byte	0x7
 314 004b 6A010000 		.4byte	.LASF5
 315 004f 02       		.uleb128 0x2
 316 0050 08       		.byte	0x8
 317 0051 05       		.byte	0x5
 318 0052 78000000 		.4byte	.LASF6
 319 0056 02       		.uleb128 0x2
 320 0057 08       		.byte	0x8
 321 0058 07       		.byte	0x7
 322 0059 E1000000 		.4byte	.LASF7
 323 005d 03       		.uleb128 0x3
 324 005e 04       		.byte	0x4
 325 005f 05       		.byte	0x5
 326 0060 696E7400 		.ascii	"int\000"
 327 0064 02       		.uleb128 0x2
 328 0065 04       		.byte	0x4
 329 0066 07       		.byte	0x7
 330 0067 F8000000 		.4byte	.LASF8
 331 006b 04       		.uleb128 0x4
 332 006c 5A000000 		.4byte	.LASF9
 333 0070 02       		.byte	0x2
 334 0071 9401     		.2byte	0x194
 335 0073 2C000000 		.4byte	0x2c
 336 0077 04       		.uleb128 0x4
 337 0078 45000000 		.4byte	.LASF10
 338 007c 02       		.byte	0x2
 339 007d 9501     		.2byte	0x195
 340 007f 3A000000 		.4byte	0x3a
 341 0083 02       		.uleb128 0x2
 342 0084 04       		.byte	0x4
 343 0085 04       		.byte	0x4
 344 0086 72000000 		.4byte	.LASF11
 345 008a 02       		.uleb128 0x2
 346 008b 08       		.byte	0x8
 347 008c 04       		.byte	0x4
 348 008d 7C010000 		.4byte	.LASF12
 349 0091 02       		.uleb128 0x2
 350 0092 01       		.byte	0x1
 351 0093 08       		.byte	0x8
 352 0094 37010000 		.4byte	.LASF13
 353 0098 05       		.uleb128 0x5
 354 0099 08       		.byte	0x8
 355 009a 03       		.byte	0x3
 356 009b 15       		.byte	0x15
 357 009c D1000000 		.4byte	0xd1
 358 00a0 06       		.uleb128 0x6
 359 00a1 9B020000 		.4byte	.LASF14
 360 00a5 03       		.byte	0x3
 361 00a6 16       		.byte	0x16
 362 00a7 77000000 		.4byte	0x77
ARM GAS  C:\Users\jimvr\AppData\Local\Temp\ccpoIzzT.s 			page 9


 363 00ab 00       		.byte	0
 364 00ac 06       		.uleb128 0x6
 365 00ad 28010000 		.4byte	.LASF15
 366 00b1 03       		.byte	0x3
 367 00b2 17       		.byte	0x17
 368 00b3 6B000000 		.4byte	0x6b
 369 00b7 02       		.byte	0x2
 370 00b8 06       		.uleb128 0x6
 371 00b9 60000000 		.4byte	.LASF16
 372 00bd 03       		.byte	0x3
 373 00be 18       		.byte	0x18
 374 00bf 6B000000 		.4byte	0x6b
 375 00c3 03       		.byte	0x3
 376 00c4 06       		.uleb128 0x6
 377 00c5 E6010000 		.4byte	.LASF17
 378 00c9 03       		.byte	0x3
 379 00ca 19       		.byte	0x19
 380 00cb D1000000 		.4byte	0xd1
 381 00cf 04       		.byte	0x4
 382 00d0 00       		.byte	0
 383 00d1 07       		.uleb128 0x7
 384 00d2 04       		.byte	0x4
 385 00d3 6B000000 		.4byte	0x6b
 386 00d7 08       		.uleb128 0x8
 387 00d8 05010000 		.4byte	.LASF18
 388 00dc 03       		.byte	0x3
 389 00dd 1A       		.byte	0x1a
 390 00de 98000000 		.4byte	0x98
 391 00e2 02       		.uleb128 0x2
 392 00e3 04       		.byte	0x4
 393 00e4 07       		.byte	0x7
 394 00e5 0A000000 		.4byte	.LASF19
 395 00e9 02       		.uleb128 0x2
 396 00ea 01       		.byte	0x1
 397 00eb 02       		.byte	0x2
 398 00ec 48010000 		.4byte	.LASF20
 399 00f0 09       		.uleb128 0x9
 400 00f1 5C010000 		.4byte	.LASF40
 401 00f5 01       		.byte	0x1
 402 00f6 2F       		.byte	0x2f
 403 00f7 00000000 		.4byte	.LFB1
 404 00fb 7C000000 		.4byte	.LFE1-.LFB1
 405 00ff 01       		.uleb128 0x1
 406 0100 9C       		.byte	0x9c
 407 0101 8B010000 		.4byte	0x18b
 408 0105 0A       		.uleb128 0xa
 409 0106 DF010000 		.4byte	.LASF21
 410 010a 01       		.byte	0x1
 411 010b 31       		.byte	0x31
 412 010c 6B000000 		.4byte	0x6b
 413 0110 00000000 		.4byte	.LLST0
 414 0114 0B       		.uleb128 0xb
 415 0115 6900     		.ascii	"i\000"
 416 0117 01       		.byte	0x1
 417 0118 32       		.byte	0x32
 418 0119 6B000000 		.4byte	0x6b
 419 011d 13000000 		.4byte	.LLST1
ARM GAS  C:\Users\jimvr\AppData\Local\Temp\ccpoIzzT.s 			page 10


 420 0121 0C       		.uleb128 0xc
 421 0122 B3000000 		.4byte	.LASF22
 422 0126 04       		.byte	0x4
 423 0127 00       		.byte	0
 424 0128 8B010000 		.4byte	0x18b
 425 012c 40010000 		.4byte	0x140
 426 0130 0D       		.uleb128 0xd
 427 0131 8B010000 		.4byte	0x18b
 428 0135 0D       		.uleb128 0xd
 429 0136 8D010000 		.4byte	0x18d
 430 013a 0D       		.uleb128 0xd
 431 013b 64000000 		.4byte	0x64
 432 013f 00       		.byte	0
 433 0140 0C       		.uleb128 0xc
 434 0141 86000000 		.4byte	.LASF23
 435 0145 04       		.byte	0x4
 436 0146 00       		.byte	0
 437 0147 8B010000 		.4byte	0x18b
 438 014b 5F010000 		.4byte	0x15f
 439 014f 0D       		.uleb128 0xd
 440 0150 8B010000 		.4byte	0x18b
 441 0154 0D       		.uleb128 0xd
 442 0155 5D000000 		.4byte	0x5d
 443 0159 0D       		.uleb128 0xd
 444 015a 64000000 		.4byte	0x64
 445 015e 00       		.byte	0
 446 015f 0E       		.uleb128 0xe
 447 0160 1A000000 		.4byte	.LVL1
 448 0164 C8020000 		.4byte	0x2c8
 449 0168 78010000 		.4byte	0x178
 450 016c 0F       		.uleb128 0xf
 451 016d 01       		.uleb128 0x1
 452 016e 50       		.byte	0x50
 453 016f 02       		.uleb128 0x2
 454 0170 77       		.byte	0x77
 455 0171 00       		.sleb128 0
 456 0172 0F       		.uleb128 0xf
 457 0173 01       		.uleb128 0x1
 458 0174 52       		.byte	0x52
 459 0175 01       		.uleb128 0x1
 460 0176 39       		.byte	0x39
 461 0177 00       		.byte	0
 462 0178 10       		.uleb128 0x10
 463 0179 2C000000 		.4byte	.LVL2
 464 017d C8020000 		.4byte	0x2c8
 465 0181 0F       		.uleb128 0xf
 466 0182 01       		.uleb128 0x1
 467 0183 52       		.byte	0x52
 468 0184 04       		.uleb128 0x4
 469 0185 44       		.byte	0x44
 470 0186 75       		.byte	0x75
 471 0187 00       		.sleb128 0
 472 0188 1C       		.byte	0x1c
 473 0189 00       		.byte	0
 474 018a 00       		.byte	0
 475 018b 11       		.uleb128 0x11
 476 018c 04       		.byte	0x4
ARM GAS  C:\Users\jimvr\AppData\Local\Temp\ccpoIzzT.s 			page 11


 477 018d 07       		.uleb128 0x7
 478 018e 04       		.byte	0x4
 479 018f 93010000 		.4byte	0x193
 480 0193 12       		.uleb128 0x12
 481 0194 13       		.uleb128 0x13
 482 0195 4C000000 		.4byte	.LASF41
 483 0199 01       		.byte	0x1
 484 019a 18       		.byte	0x18
 485 019b E9000000 		.4byte	0xe9
 486 019f 00000000 		.4byte	.LFB0
 487 01a3 7C000000 		.4byte	.LFE0-.LFB0
 488 01a7 01       		.uleb128 0x1
 489 01a8 9C       		.byte	0x9c
 490 01a9 3C020000 		.4byte	0x23c
 491 01ad 14       		.uleb128 0x14
 492 01ae 01020000 		.4byte	.LASF24
 493 01b2 01       		.byte	0x1
 494 01b3 18       		.byte	0x18
 495 01b4 77000000 		.4byte	0x77
 496 01b8 3D000000 		.4byte	.LLST2
 497 01bc 14       		.uleb128 0x14
 498 01bd 96000000 		.4byte	.LASF25
 499 01c1 01       		.byte	0x1
 500 01c2 18       		.byte	0x18
 501 01c3 6B000000 		.4byte	0x6b
 502 01c7 5E000000 		.4byte	.LLST3
 503 01cb 14       		.uleb128 0x14
 504 01cc A3000000 		.4byte	.LASF26
 505 01d0 01       		.byte	0x1
 506 01d1 18       		.byte	0x18
 507 01d2 D1000000 		.4byte	0xd1
 508 01d6 89000000 		.4byte	.LLST4
 509 01da 14       		.uleb128 0x14
 510 01db F6010000 		.4byte	.LASF27
 511 01df 01       		.byte	0x1
 512 01e0 18       		.byte	0x18
 513 01e1 6B000000 		.4byte	0x6b
 514 01e5 B5000000 		.4byte	.LLST5
 515 01e9 15       		.uleb128 0x15
 516 01ea 514900   		.ascii	"QI\000"
 517 01ed 01       		.byte	0x1
 518 01ee 1A       		.byte	0x1a
 519 01ef D7000000 		.4byte	0xd7
 520 01f3 02       		.uleb128 0x2
 521 01f4 91       		.byte	0x91
 522 01f5 68       		.sleb128 -24
 523 01f6 0C       		.uleb128 0xc
 524 01f7 13000000 		.4byte	.LASF28
 525 01fb 04       		.byte	0x4
 526 01fc 00       		.byte	0
 527 01fd 8B010000 		.4byte	0x18b
 528 0201 15020000 		.4byte	0x215
 529 0205 0D       		.uleb128 0xd
 530 0206 8B010000 		.4byte	0x18b
 531 020a 0D       		.uleb128 0xd
 532 020b 8D010000 		.4byte	0x18d
 533 020f 0D       		.uleb128 0xd
ARM GAS  C:\Users\jimvr\AppData\Local\Temp\ccpoIzzT.s 			page 12


 534 0210 64000000 		.4byte	0x64
 535 0214 00       		.byte	0
 536 0215 16       		.uleb128 0x16
 537 0216 26000000 		.4byte	.LVL11
 538 021a F0000000 		.4byte	0xf0
 539 021e 10       		.uleb128 0x10
 540 021f 38000000 		.4byte	.LVL12
 541 0223 D3020000 		.4byte	0x2d3
 542 0227 0F       		.uleb128 0xf
 543 0228 01       		.uleb128 0x1
 544 0229 50       		.byte	0x50
 545 022a 03       		.uleb128 0x3
 546 022b 91       		.byte	0x91
 547 022c 6C       		.sleb128 -20
 548 022d 06       		.byte	0x6
 549 022e 0F       		.uleb128 0xf
 550 022f 01       		.uleb128 0x1
 551 0230 51       		.byte	0x51
 552 0231 02       		.uleb128 0x2
 553 0232 76       		.byte	0x76
 554 0233 00       		.sleb128 0
 555 0234 0F       		.uleb128 0xf
 556 0235 01       		.uleb128 0x1
 557 0236 52       		.byte	0x52
 558 0237 02       		.uleb128 0x2
 559 0238 74       		.byte	0x74
 560 0239 00       		.sleb128 0
 561 023a 00       		.byte	0
 562 023b 00       		.byte	0
 563 023c 17       		.uleb128 0x17
 564 023d C9000000 		.4byte	.LASF29
 565 0241 01       		.byte	0x1
 566 0242 45       		.byte	0x45
 567 0243 D7000000 		.4byte	0xd7
 568 0247 00000000 		.4byte	.LFB2
 569 024b 10000000 		.4byte	.LFE2-.LFB2
 570 024f 01       		.uleb128 0x1
 571 0250 9C       		.byte	0x9c
 572 0251 17       		.uleb128 0x17
 573 0252 A9020000 		.4byte	.LASF30
 574 0256 01       		.byte	0x1
 575 0257 4A       		.byte	0x4a
 576 0258 6B000000 		.4byte	0x6b
 577 025c 00000000 		.4byte	.LFB3
 578 0260 0C000000 		.4byte	.LFE3-.LFB3
 579 0264 01       		.uleb128 0x1
 580 0265 9C       		.byte	0x9c
 581 0266 18       		.uleb128 0x18
 582 0267 D7000000 		.4byte	0xd7
 583 026b 76020000 		.4byte	0x276
 584 026f 19       		.uleb128 0x19
 585 0270 E2000000 		.4byte	0xe2
 586 0274 09       		.byte	0x9
 587 0275 00       		.byte	0
 588 0276 1A       		.uleb128 0x1a
 589 0277 4E010000 		.4byte	.LASF31
 590 027b 01       		.byte	0x1
ARM GAS  C:\Users\jimvr\AppData\Local\Temp\ccpoIzzT.s 			page 13


 591 027c 10       		.byte	0x10
 592 027d 66020000 		.4byte	0x266
 593 0281 18       		.uleb128 0x18
 594 0282 6B000000 		.4byte	0x6b
 595 0286 91020000 		.4byte	0x291
 596 028a 19       		.uleb128 0x19
 597 028b E2000000 		.4byte	0xe2
 598 028f 13       		.byte	0x13
 599 0290 00       		.byte	0
 600 0291 1A       		.uleb128 0x1a
 601 0292 3C010000 		.4byte	.LASF32
 602 0296 01       		.byte	0x1
 603 0297 11       		.byte	0x11
 604 0298 81020000 		.4byte	0x281
 605 029c 1A       		.uleb128 0x1a
 606 029d A8000000 		.4byte	.LASF33
 607 02a1 01       		.byte	0x1
 608 02a2 12       		.byte	0x12
 609 02a3 6B000000 		.4byte	0x6b
 610 02a7 1A       		.uleb128 0x1a
 611 02a8 39000000 		.4byte	.LASF34
 612 02ac 01       		.byte	0x1
 613 02ad 13       		.byte	0x13
 614 02ae D1000000 		.4byte	0xd1
 615 02b2 1A       		.uleb128 0x1a
 616 02b3 1A000000 		.4byte	.LASF35
 617 02b7 01       		.byte	0x1
 618 02b8 14       		.byte	0x14
 619 02b9 6B000000 		.4byte	0x6b
 620 02bd 1A       		.uleb128 0x1a
 621 02be 26000000 		.4byte	.LASF36
 622 02c2 01       		.byte	0x1
 623 02c3 16       		.byte	0x16
 624 02c4 E9000000 		.4byte	0xe9
 625 02c8 1B       		.uleb128 0x1b
 626 02c9 B3000000 		.4byte	.LASF22
 627 02cd B3000000 		.4byte	.LASF22
 628 02d1 04       		.byte	0x4
 629 02d2 00       		.byte	0
 630 02d3 1C       		.uleb128 0x1c
 631 02d4 13000000 		.4byte	.LASF28
 632 02d8 13000000 		.4byte	.LASF28
 633 02dc 00       		.byte	0
 634              		.section	.debug_abbrev,"",%progbits
 635              	.Ldebug_abbrev0:
 636 0000 01       		.uleb128 0x1
 637 0001 11       		.uleb128 0x11
 638 0002 01       		.byte	0x1
 639 0003 25       		.uleb128 0x25
 640 0004 0E       		.uleb128 0xe
 641 0005 13       		.uleb128 0x13
 642 0006 0B       		.uleb128 0xb
 643 0007 03       		.uleb128 0x3
 644 0008 0E       		.uleb128 0xe
 645 0009 1B       		.uleb128 0x1b
 646 000a 0E       		.uleb128 0xe
 647 000b 55       		.uleb128 0x55
ARM GAS  C:\Users\jimvr\AppData\Local\Temp\ccpoIzzT.s 			page 14


 648 000c 17       		.uleb128 0x17
 649 000d 11       		.uleb128 0x11
 650 000e 01       		.uleb128 0x1
 651 000f 10       		.uleb128 0x10
 652 0010 17       		.uleb128 0x17
 653 0011 00       		.byte	0
 654 0012 00       		.byte	0
 655 0013 02       		.uleb128 0x2
 656 0014 24       		.uleb128 0x24
 657 0015 00       		.byte	0
 658 0016 0B       		.uleb128 0xb
 659 0017 0B       		.uleb128 0xb
 660 0018 3E       		.uleb128 0x3e
 661 0019 0B       		.uleb128 0xb
 662 001a 03       		.uleb128 0x3
 663 001b 0E       		.uleb128 0xe
 664 001c 00       		.byte	0
 665 001d 00       		.byte	0
 666 001e 03       		.uleb128 0x3
 667 001f 24       		.uleb128 0x24
 668 0020 00       		.byte	0
 669 0021 0B       		.uleb128 0xb
 670 0022 0B       		.uleb128 0xb
 671 0023 3E       		.uleb128 0x3e
 672 0024 0B       		.uleb128 0xb
 673 0025 03       		.uleb128 0x3
 674 0026 08       		.uleb128 0x8
 675 0027 00       		.byte	0
 676 0028 00       		.byte	0
 677 0029 04       		.uleb128 0x4
 678 002a 16       		.uleb128 0x16
 679 002b 00       		.byte	0
 680 002c 03       		.uleb128 0x3
 681 002d 0E       		.uleb128 0xe
 682 002e 3A       		.uleb128 0x3a
 683 002f 0B       		.uleb128 0xb
 684 0030 3B       		.uleb128 0x3b
 685 0031 05       		.uleb128 0x5
 686 0032 49       		.uleb128 0x49
 687 0033 13       		.uleb128 0x13
 688 0034 00       		.byte	0
 689 0035 00       		.byte	0
 690 0036 05       		.uleb128 0x5
 691 0037 13       		.uleb128 0x13
 692 0038 01       		.byte	0x1
 693 0039 0B       		.uleb128 0xb
 694 003a 0B       		.uleb128 0xb
 695 003b 3A       		.uleb128 0x3a
 696 003c 0B       		.uleb128 0xb
 697 003d 3B       		.uleb128 0x3b
 698 003e 0B       		.uleb128 0xb
 699 003f 01       		.uleb128 0x1
 700 0040 13       		.uleb128 0x13
 701 0041 00       		.byte	0
 702 0042 00       		.byte	0
 703 0043 06       		.uleb128 0x6
 704 0044 0D       		.uleb128 0xd
ARM GAS  C:\Users\jimvr\AppData\Local\Temp\ccpoIzzT.s 			page 15


 705 0045 00       		.byte	0
 706 0046 03       		.uleb128 0x3
 707 0047 0E       		.uleb128 0xe
 708 0048 3A       		.uleb128 0x3a
 709 0049 0B       		.uleb128 0xb
 710 004a 3B       		.uleb128 0x3b
 711 004b 0B       		.uleb128 0xb
 712 004c 49       		.uleb128 0x49
 713 004d 13       		.uleb128 0x13
 714 004e 38       		.uleb128 0x38
 715 004f 0B       		.uleb128 0xb
 716 0050 00       		.byte	0
 717 0051 00       		.byte	0
 718 0052 07       		.uleb128 0x7
 719 0053 0F       		.uleb128 0xf
 720 0054 00       		.byte	0
 721 0055 0B       		.uleb128 0xb
 722 0056 0B       		.uleb128 0xb
 723 0057 49       		.uleb128 0x49
 724 0058 13       		.uleb128 0x13
 725 0059 00       		.byte	0
 726 005a 00       		.byte	0
 727 005b 08       		.uleb128 0x8
 728 005c 16       		.uleb128 0x16
 729 005d 00       		.byte	0
 730 005e 03       		.uleb128 0x3
 731 005f 0E       		.uleb128 0xe
 732 0060 3A       		.uleb128 0x3a
 733 0061 0B       		.uleb128 0xb
 734 0062 3B       		.uleb128 0x3b
 735 0063 0B       		.uleb128 0xb
 736 0064 49       		.uleb128 0x49
 737 0065 13       		.uleb128 0x13
 738 0066 00       		.byte	0
 739 0067 00       		.byte	0
 740 0068 09       		.uleb128 0x9
 741 0069 2E       		.uleb128 0x2e
 742 006a 01       		.byte	0x1
 743 006b 3F       		.uleb128 0x3f
 744 006c 19       		.uleb128 0x19
 745 006d 03       		.uleb128 0x3
 746 006e 0E       		.uleb128 0xe
 747 006f 3A       		.uleb128 0x3a
 748 0070 0B       		.uleb128 0xb
 749 0071 3B       		.uleb128 0x3b
 750 0072 0B       		.uleb128 0xb
 751 0073 27       		.uleb128 0x27
 752 0074 19       		.uleb128 0x19
 753 0075 11       		.uleb128 0x11
 754 0076 01       		.uleb128 0x1
 755 0077 12       		.uleb128 0x12
 756 0078 06       		.uleb128 0x6
 757 0079 40       		.uleb128 0x40
 758 007a 18       		.uleb128 0x18
 759 007b 9742     		.uleb128 0x2117
 760 007d 19       		.uleb128 0x19
 761 007e 01       		.uleb128 0x1
ARM GAS  C:\Users\jimvr\AppData\Local\Temp\ccpoIzzT.s 			page 16


 762 007f 13       		.uleb128 0x13
 763 0080 00       		.byte	0
 764 0081 00       		.byte	0
 765 0082 0A       		.uleb128 0xa
 766 0083 34       		.uleb128 0x34
 767 0084 00       		.byte	0
 768 0085 03       		.uleb128 0x3
 769 0086 0E       		.uleb128 0xe
 770 0087 3A       		.uleb128 0x3a
 771 0088 0B       		.uleb128 0xb
 772 0089 3B       		.uleb128 0x3b
 773 008a 0B       		.uleb128 0xb
 774 008b 49       		.uleb128 0x49
 775 008c 13       		.uleb128 0x13
 776 008d 02       		.uleb128 0x2
 777 008e 17       		.uleb128 0x17
 778 008f 00       		.byte	0
 779 0090 00       		.byte	0
 780 0091 0B       		.uleb128 0xb
 781 0092 34       		.uleb128 0x34
 782 0093 00       		.byte	0
 783 0094 03       		.uleb128 0x3
 784 0095 08       		.uleb128 0x8
 785 0096 3A       		.uleb128 0x3a
 786 0097 0B       		.uleb128 0xb
 787 0098 3B       		.uleb128 0x3b
 788 0099 0B       		.uleb128 0xb
 789 009a 49       		.uleb128 0x49
 790 009b 13       		.uleb128 0x13
 791 009c 02       		.uleb128 0x2
 792 009d 17       		.uleb128 0x17
 793 009e 00       		.byte	0
 794 009f 00       		.byte	0
 795 00a0 0C       		.uleb128 0xc
 796 00a1 2E       		.uleb128 0x2e
 797 00a2 01       		.byte	0x1
 798 00a3 3F       		.uleb128 0x3f
 799 00a4 19       		.uleb128 0x19
 800 00a5 03       		.uleb128 0x3
 801 00a6 0E       		.uleb128 0xe
 802 00a7 3A       		.uleb128 0x3a
 803 00a8 0B       		.uleb128 0xb
 804 00a9 3B       		.uleb128 0x3b
 805 00aa 0B       		.uleb128 0xb
 806 00ab 27       		.uleb128 0x27
 807 00ac 19       		.uleb128 0x19
 808 00ad 49       		.uleb128 0x49
 809 00ae 13       		.uleb128 0x13
 810 00af 3C       		.uleb128 0x3c
 811 00b0 19       		.uleb128 0x19
 812 00b1 01       		.uleb128 0x1
 813 00b2 13       		.uleb128 0x13
 814 00b3 00       		.byte	0
 815 00b4 00       		.byte	0
 816 00b5 0D       		.uleb128 0xd
 817 00b6 05       		.uleb128 0x5
 818 00b7 00       		.byte	0
ARM GAS  C:\Users\jimvr\AppData\Local\Temp\ccpoIzzT.s 			page 17


 819 00b8 49       		.uleb128 0x49
 820 00b9 13       		.uleb128 0x13
 821 00ba 00       		.byte	0
 822 00bb 00       		.byte	0
 823 00bc 0E       		.uleb128 0xe
 824 00bd 898201   		.uleb128 0x4109
 825 00c0 01       		.byte	0x1
 826 00c1 11       		.uleb128 0x11
 827 00c2 01       		.uleb128 0x1
 828 00c3 31       		.uleb128 0x31
 829 00c4 13       		.uleb128 0x13
 830 00c5 01       		.uleb128 0x1
 831 00c6 13       		.uleb128 0x13
 832 00c7 00       		.byte	0
 833 00c8 00       		.byte	0
 834 00c9 0F       		.uleb128 0xf
 835 00ca 8A8201   		.uleb128 0x410a
 836 00cd 00       		.byte	0
 837 00ce 02       		.uleb128 0x2
 838 00cf 18       		.uleb128 0x18
 839 00d0 9142     		.uleb128 0x2111
 840 00d2 18       		.uleb128 0x18
 841 00d3 00       		.byte	0
 842 00d4 00       		.byte	0
 843 00d5 10       		.uleb128 0x10
 844 00d6 898201   		.uleb128 0x4109
 845 00d9 01       		.byte	0x1
 846 00da 11       		.uleb128 0x11
 847 00db 01       		.uleb128 0x1
 848 00dc 31       		.uleb128 0x31
 849 00dd 13       		.uleb128 0x13
 850 00de 00       		.byte	0
 851 00df 00       		.byte	0
 852 00e0 11       		.uleb128 0x11
 853 00e1 0F       		.uleb128 0xf
 854 00e2 00       		.byte	0
 855 00e3 0B       		.uleb128 0xb
 856 00e4 0B       		.uleb128 0xb
 857 00e5 00       		.byte	0
 858 00e6 00       		.byte	0
 859 00e7 12       		.uleb128 0x12
 860 00e8 26       		.uleb128 0x26
 861 00e9 00       		.byte	0
 862 00ea 00       		.byte	0
 863 00eb 00       		.byte	0
 864 00ec 13       		.uleb128 0x13
 865 00ed 2E       		.uleb128 0x2e
 866 00ee 01       		.byte	0x1
 867 00ef 3F       		.uleb128 0x3f
 868 00f0 19       		.uleb128 0x19
 869 00f1 03       		.uleb128 0x3
 870 00f2 0E       		.uleb128 0xe
 871 00f3 3A       		.uleb128 0x3a
 872 00f4 0B       		.uleb128 0xb
 873 00f5 3B       		.uleb128 0x3b
 874 00f6 0B       		.uleb128 0xb
 875 00f7 27       		.uleb128 0x27
ARM GAS  C:\Users\jimvr\AppData\Local\Temp\ccpoIzzT.s 			page 18


 876 00f8 19       		.uleb128 0x19
 877 00f9 49       		.uleb128 0x49
 878 00fa 13       		.uleb128 0x13
 879 00fb 11       		.uleb128 0x11
 880 00fc 01       		.uleb128 0x1
 881 00fd 12       		.uleb128 0x12
 882 00fe 06       		.uleb128 0x6
 883 00ff 40       		.uleb128 0x40
 884 0100 18       		.uleb128 0x18
 885 0101 9742     		.uleb128 0x2117
 886 0103 19       		.uleb128 0x19
 887 0104 01       		.uleb128 0x1
 888 0105 13       		.uleb128 0x13
 889 0106 00       		.byte	0
 890 0107 00       		.byte	0
 891 0108 14       		.uleb128 0x14
 892 0109 05       		.uleb128 0x5
 893 010a 00       		.byte	0
 894 010b 03       		.uleb128 0x3
 895 010c 0E       		.uleb128 0xe
 896 010d 3A       		.uleb128 0x3a
 897 010e 0B       		.uleb128 0xb
 898 010f 3B       		.uleb128 0x3b
 899 0110 0B       		.uleb128 0xb
 900 0111 49       		.uleb128 0x49
 901 0112 13       		.uleb128 0x13
 902 0113 02       		.uleb128 0x2
 903 0114 17       		.uleb128 0x17
 904 0115 00       		.byte	0
 905 0116 00       		.byte	0
 906 0117 15       		.uleb128 0x15
 907 0118 34       		.uleb128 0x34
 908 0119 00       		.byte	0
 909 011a 03       		.uleb128 0x3
 910 011b 08       		.uleb128 0x8
 911 011c 3A       		.uleb128 0x3a
 912 011d 0B       		.uleb128 0xb
 913 011e 3B       		.uleb128 0x3b
 914 011f 0B       		.uleb128 0xb
 915 0120 49       		.uleb128 0x49
 916 0121 13       		.uleb128 0x13
 917 0122 02       		.uleb128 0x2
 918 0123 18       		.uleb128 0x18
 919 0124 00       		.byte	0
 920 0125 00       		.byte	0
 921 0126 16       		.uleb128 0x16
 922 0127 898201   		.uleb128 0x4109
 923 012a 00       		.byte	0
 924 012b 11       		.uleb128 0x11
 925 012c 01       		.uleb128 0x1
 926 012d 31       		.uleb128 0x31
 927 012e 13       		.uleb128 0x13
 928 012f 00       		.byte	0
 929 0130 00       		.byte	0
 930 0131 17       		.uleb128 0x17
 931 0132 2E       		.uleb128 0x2e
 932 0133 00       		.byte	0
ARM GAS  C:\Users\jimvr\AppData\Local\Temp\ccpoIzzT.s 			page 19


 933 0134 3F       		.uleb128 0x3f
 934 0135 19       		.uleb128 0x19
 935 0136 03       		.uleb128 0x3
 936 0137 0E       		.uleb128 0xe
 937 0138 3A       		.uleb128 0x3a
 938 0139 0B       		.uleb128 0xb
 939 013a 3B       		.uleb128 0x3b
 940 013b 0B       		.uleb128 0xb
 941 013c 27       		.uleb128 0x27
 942 013d 19       		.uleb128 0x19
 943 013e 49       		.uleb128 0x49
 944 013f 13       		.uleb128 0x13
 945 0140 11       		.uleb128 0x11
 946 0141 01       		.uleb128 0x1
 947 0142 12       		.uleb128 0x12
 948 0143 06       		.uleb128 0x6
 949 0144 40       		.uleb128 0x40
 950 0145 18       		.uleb128 0x18
 951 0146 9742     		.uleb128 0x2117
 952 0148 19       		.uleb128 0x19
 953 0149 00       		.byte	0
 954 014a 00       		.byte	0
 955 014b 18       		.uleb128 0x18
 956 014c 01       		.uleb128 0x1
 957 014d 01       		.byte	0x1
 958 014e 49       		.uleb128 0x49
 959 014f 13       		.uleb128 0x13
 960 0150 01       		.uleb128 0x1
 961 0151 13       		.uleb128 0x13
 962 0152 00       		.byte	0
 963 0153 00       		.byte	0
 964 0154 19       		.uleb128 0x19
 965 0155 21       		.uleb128 0x21
 966 0156 00       		.byte	0
 967 0157 49       		.uleb128 0x49
 968 0158 13       		.uleb128 0x13
 969 0159 2F       		.uleb128 0x2f
 970 015a 0B       		.uleb128 0xb
 971 015b 00       		.byte	0
 972 015c 00       		.byte	0
 973 015d 1A       		.uleb128 0x1a
 974 015e 34       		.uleb128 0x34
 975 015f 00       		.byte	0
 976 0160 03       		.uleb128 0x3
 977 0161 0E       		.uleb128 0xe
 978 0162 3A       		.uleb128 0x3a
 979 0163 0B       		.uleb128 0xb
 980 0164 3B       		.uleb128 0x3b
 981 0165 0B       		.uleb128 0xb
 982 0166 49       		.uleb128 0x49
 983 0167 13       		.uleb128 0x13
 984 0168 3F       		.uleb128 0x3f
 985 0169 19       		.uleb128 0x19
 986 016a 3C       		.uleb128 0x3c
 987 016b 19       		.uleb128 0x19
 988 016c 00       		.byte	0
 989 016d 00       		.byte	0
ARM GAS  C:\Users\jimvr\AppData\Local\Temp\ccpoIzzT.s 			page 20


 990 016e 1B       		.uleb128 0x1b
 991 016f 2E       		.uleb128 0x2e
 992 0170 00       		.byte	0
 993 0171 3F       		.uleb128 0x3f
 994 0172 19       		.uleb128 0x19
 995 0173 3C       		.uleb128 0x3c
 996 0174 19       		.uleb128 0x19
 997 0175 6E       		.uleb128 0x6e
 998 0176 0E       		.uleb128 0xe
 999 0177 03       		.uleb128 0x3
 1000 0178 0E       		.uleb128 0xe
 1001 0179 3A       		.uleb128 0x3a
 1002 017a 0B       		.uleb128 0xb
 1003 017b 3B       		.uleb128 0x3b
 1004 017c 0B       		.uleb128 0xb
 1005 017d 00       		.byte	0
 1006 017e 00       		.byte	0
 1007 017f 1C       		.uleb128 0x1c
 1008 0180 2E       		.uleb128 0x2e
 1009 0181 00       		.byte	0
 1010 0182 3F       		.uleb128 0x3f
 1011 0183 19       		.uleb128 0x19
 1012 0184 3C       		.uleb128 0x3c
 1013 0185 19       		.uleb128 0x19
 1014 0186 6E       		.uleb128 0x6e
 1015 0187 0E       		.uleb128 0xe
 1016 0188 03       		.uleb128 0x3
 1017 0189 0E       		.uleb128 0xe
 1018 018a 00       		.byte	0
 1019 018b 00       		.byte	0
 1020 018c 00       		.byte	0
 1021              		.section	.debug_loc,"",%progbits
 1022              	.Ldebug_loc0:
 1023              	.LLST0:
 1024 0000 06000000 		.4byte	.LVL0
 1025 0004 5A000000 		.4byte	.LVL7
 1026 0008 0100     		.2byte	0x1
 1027 000a 55       		.byte	0x55
 1028 000b 00000000 		.4byte	0
 1029 000f 00000000 		.4byte	0
 1030              	.LLST1:
 1031 0013 2C000000 		.4byte	.LVL2
 1032 0017 30000000 		.4byte	.LVL3
 1033 001b 0200     		.2byte	0x2
 1034 001d 30       		.byte	0x30
 1035 001e 9F       		.byte	0x9f
 1036 001f 30000000 		.4byte	.LVL3
 1037 0023 46000000 		.4byte	.LVL4
 1038 0027 0100     		.2byte	0x1
 1039 0029 53       		.byte	0x53
 1040 002a 48000000 		.4byte	.LVL5
 1041 002e 50000000 		.4byte	.LVL6
 1042 0032 0100     		.2byte	0x1
 1043 0034 53       		.byte	0x53
 1044 0035 00000000 		.4byte	0
 1045 0039 00000000 		.4byte	0
 1046              	.LLST2:
ARM GAS  C:\Users\jimvr\AppData\Local\Temp\ccpoIzzT.s 			page 21


 1047 003d 00000000 		.4byte	.LVL8
 1048 0041 0A000000 		.4byte	.LVL9
 1049 0045 0100     		.2byte	0x1
 1050 0047 50       		.byte	0x50
 1051 0048 0A000000 		.4byte	.LVL9
 1052 004c 7C000000 		.4byte	.LFE0
 1053 0050 0400     		.2byte	0x4
 1054 0052 F3       		.byte	0xf3
 1055 0053 01       		.uleb128 0x1
 1056 0054 50       		.byte	0x50
 1057 0055 9F       		.byte	0x9f
 1058 0056 00000000 		.4byte	0
 1059 005a 00000000 		.4byte	0
 1060              	.LLST3:
 1061 005e 00000000 		.4byte	.LVL8
 1062 0062 25000000 		.4byte	.LVL11-1
 1063 0066 0100     		.2byte	0x1
 1064 0068 51       		.byte	0x51
 1065 0069 25000000 		.4byte	.LVL11-1
 1066 006d 68000000 		.4byte	.LVL14
 1067 0071 0200     		.2byte	0x2
 1068 0073 91       		.byte	0x91
 1069 0074 6A       		.sleb128 -22
 1070 0075 68000000 		.4byte	.LVL14
 1071 0079 7C000000 		.4byte	.LFE0
 1072 007d 0200     		.2byte	0x2
 1073 007f 7D       		.byte	0x7d
 1074 0080 6A       		.sleb128 -22
 1075 0081 00000000 		.4byte	0
 1076 0085 00000000 		.4byte	0
 1077              	.LLST4:
 1078 0089 00000000 		.4byte	.LVL8
 1079 008d 25000000 		.4byte	.LVL11-1
 1080 0091 0100     		.2byte	0x1
 1081 0093 52       		.byte	0x52
 1082 0094 25000000 		.4byte	.LVL11-1
 1083 0098 50000000 		.4byte	.LVL13
 1084 009c 0100     		.2byte	0x1
 1085 009e 56       		.byte	0x56
 1086 009f 50000000 		.4byte	.LVL13
 1087 00a3 7C000000 		.4byte	.LFE0
 1088 00a7 0400     		.2byte	0x4
 1089 00a9 F3       		.byte	0xf3
 1090 00aa 01       		.uleb128 0x1
 1091 00ab 52       		.byte	0x52
 1092 00ac 9F       		.byte	0x9f
 1093 00ad 00000000 		.4byte	0
 1094 00b1 00000000 		.4byte	0
 1095              	.LLST5:
 1096 00b5 00000000 		.4byte	.LVL8
 1097 00b9 14000000 		.4byte	.LVL10
 1098 00bd 0100     		.2byte	0x1
 1099 00bf 53       		.byte	0x53
 1100 00c0 14000000 		.4byte	.LVL10
 1101 00c4 7C000000 		.4byte	.LFE0
 1102 00c8 0400     		.2byte	0x4
 1103 00ca F3       		.byte	0xf3
ARM GAS  C:\Users\jimvr\AppData\Local\Temp\ccpoIzzT.s 			page 22


 1104 00cb 01       		.uleb128 0x1
 1105 00cc 53       		.byte	0x53
 1106 00cd 9F       		.byte	0x9f
 1107 00ce 00000000 		.4byte	0
 1108 00d2 00000000 		.4byte	0
 1109              		.section	.debug_aranges,"",%progbits
 1110 0000 34000000 		.4byte	0x34
 1111 0004 0200     		.2byte	0x2
 1112 0006 00000000 		.4byte	.Ldebug_info0
 1113 000a 04       		.byte	0x4
 1114 000b 00       		.byte	0
 1115 000c 0000     		.2byte	0
 1116 000e 0000     		.2byte	0
 1117 0010 00000000 		.4byte	.LFB1
 1118 0014 7C000000 		.4byte	.LFE1-.LFB1
 1119 0018 00000000 		.4byte	.LFB0
 1120 001c 7C000000 		.4byte	.LFE0-.LFB0
 1121 0020 00000000 		.4byte	.LFB2
 1122 0024 10000000 		.4byte	.LFE2-.LFB2
 1123 0028 00000000 		.4byte	.LFB3
 1124 002c 0C000000 		.4byte	.LFE3-.LFB3
 1125 0030 00000000 		.4byte	0
 1126 0034 00000000 		.4byte	0
 1127              		.section	.debug_ranges,"",%progbits
 1128              	.Ldebug_ranges0:
 1129 0000 00000000 		.4byte	.LFB1
 1130 0004 7C000000 		.4byte	.LFE1
 1131 0008 00000000 		.4byte	.LFB0
 1132 000c 7C000000 		.4byte	.LFE0
 1133 0010 00000000 		.4byte	.LFB2
 1134 0014 10000000 		.4byte	.LFE2
 1135 0018 00000000 		.4byte	.LFB3
 1136 001c 0C000000 		.4byte	.LFE3
 1137 0020 00000000 		.4byte	0
 1138 0024 00000000 		.4byte	0
 1139              		.section	.debug_line,"",%progbits
 1140              	.Ldebug_line0:
 1141 0000 B6000000 		.section	.debug_str,"MS",%progbits,1
 1141      02004400 
 1141      00000201 
 1141      FB0E0D00 
 1141      01010101 
 1142              	.LASF2:
 1143 0000 73686F72 		.ascii	"short int\000"
 1143      7420696E 
 1143      7400
 1144              	.LASF19:
 1145 000a 73697A65 		.ascii	"sizetype\000"
 1145      74797065 
 1145      00
 1146              	.LASF28:
 1147 0013 6D656D63 		.ascii	"memcpy\000"
 1147      707900
 1148              	.LASF35:
 1149 001a 51756575 		.ascii	"QueueMemLen\000"
 1149      654D656D 
 1149      4C656E00 
ARM GAS  C:\Users\jimvr\AppData\Local\Temp\ccpoIzzT.s 			page 23


 1150              	.LASF36:
 1151 0026 52444D5F 		.ascii	"RDM_pendingDequeue\000"
 1151      70656E64 
 1151      696E6744 
 1151      65717565 
 1151      756500
 1152              	.LASF34:
 1153 0039 51756575 		.ascii	"QueueMemPtr\000"
 1153      654D656D 
 1153      50747200 
 1154              	.LASF10:
 1155 0045 75696E74 		.ascii	"uint16\000"
 1155      313600
 1156              	.LASF41:
 1157 004c 71756575 		.ascii	"queue_enqueue\000"
 1157      655F656E 
 1157      71756575 
 1157      6500
 1158              	.LASF9:
 1159 005a 75696E74 		.ascii	"uint8\000"
 1159      3800
 1160              	.LASF16:
 1161 0060 62795061 		.ascii	"byParameterLength\000"
 1161      72616D65 
 1161      7465724C 
 1161      656E6774 
 1161      6800
 1162              	.LASF11:
 1163 0072 666C6F61 		.ascii	"float\000"
 1163      7400
 1164              	.LASF6:
 1165 0078 6C6F6E67 		.ascii	"long long int\000"
 1165      206C6F6E 
 1165      6720696E 
 1165      7400
 1166              	.LASF23:
 1167 0086 6D656D73 		.ascii	"memset\000"
 1167      657400
 1168              	.LASF4:
 1169 008d 6C6F6E67 		.ascii	"long int\000"
 1169      20696E74 
 1169      00
 1170              	.LASF25:
 1171 0096 636F6D6D 		.ascii	"commandClass\000"
 1171      616E6443 
 1171      6C617373 
 1171      00
 1172              	.LASF26:
 1173 00a3 44617461 		.ascii	"Data\000"
 1173      00
 1174              	.LASF33:
 1175 00a8 51756575 		.ascii	"QueueIndex\000"
 1175      65496E64 
 1175      657800
 1176              	.LASF22:
 1177 00b3 6D656D6D 		.ascii	"memmove\000"
 1177      6F766500 
ARM GAS  C:\Users\jimvr\AppData\Local\Temp\ccpoIzzT.s 			page 24


 1178              	.LASF1:
 1179 00bb 756E7369 		.ascii	"unsigned char\000"
 1179      676E6564 
 1179      20636861 
 1179      7200
 1180              	.LASF29:
 1181 00c9 71756575 		.ascii	"queue_front\000"
 1181      655F6672 
 1181      6F6E7400 
 1182              	.LASF0:
 1183 00d5 7369676E 		.ascii	"signed char\000"
 1183      65642063 
 1183      68617200 
 1184              	.LASF7:
 1185 00e1 6C6F6E67 		.ascii	"long long unsigned int\000"
 1185      206C6F6E 
 1185      6720756E 
 1185      7369676E 
 1185      65642069 
 1186              	.LASF8:
 1187 00f8 756E7369 		.ascii	"unsigned int\000"
 1187      676E6564 
 1187      20696E74 
 1187      00
 1188              	.LASF18:
 1189 0105 73747275 		.ascii	"structQueueItem\000"
 1189      63745175 
 1189      65756549 
 1189      74656D00 
 1190              	.LASF3:
 1191 0115 73686F72 		.ascii	"short unsigned int\000"
 1191      7420756E 
 1191      7369676E 
 1191      65642069 
 1191      6E7400
 1192              	.LASF15:
 1193 0128 6279436F 		.ascii	"byCommandClass\000"
 1193      6D6D616E 
 1193      64436C61 
 1193      737300
 1194              	.LASF13:
 1195 0137 63686172 		.ascii	"char\000"
 1195      00
 1196              	.LASF32:
 1197 013c 51756575 		.ascii	"QueueMemory\000"
 1197      654D656D 
 1197      6F727900 
 1198              	.LASF20:
 1199 0148 5F426F6F 		.ascii	"_Bool\000"
 1199      6C00
 1200              	.LASF31:
 1201 014e 51756575 		.ascii	"Queue\000"
 1201      6500
 1202              	.LASF38:
 1203 0154 71756575 		.ascii	"queue.c\000"
 1203      652E6300 
 1204              	.LASF40:
ARM GAS  C:\Users\jimvr\AppData\Local\Temp\ccpoIzzT.s 			page 25


 1205 015c 71756575 		.ascii	"queue_dequeue\000"
 1205      655F6465 
 1205      71756575 
 1205      6500
 1206              	.LASF5:
 1207 016a 6C6F6E67 		.ascii	"long unsigned int\000"
 1207      20756E73 
 1207      69676E65 
 1207      6420696E 
 1207      7400
 1208              	.LASF12:
 1209 017c 646F7562 		.ascii	"double\000"
 1209      6C6500
 1210              	.LASF39:
 1211 0183 433A5C55 		.ascii	"C:\\Users\\jimvr\\Desktop\\Cineo_6Channel_Driver\\C"
 1211      73657273 
 1211      5C6A696D 
 1211      76725C44 
 1211      65736B74 
 1212 01b1 696E656F 		.ascii	"ineo_6Channel_Driver\\ColorGenie6_RDMlib.cylib\000"
 1212      5F364368 
 1212      616E6E65 
 1212      6C5F4472 
 1212      69766572 
 1213              	.LASF21:
 1214 01df 6D656D4C 		.ascii	"memLen\000"
 1214      656E00
 1215              	.LASF17:
 1216 01e6 62795061 		.ascii	"byParameterData\000"
 1216      72616D65 
 1216      74657244 
 1216      61746100 
 1217              	.LASF27:
 1218 01f6 44617461 		.ascii	"DataLength\000"
 1218      4C656E67 
 1218      746800
 1219              	.LASF24:
 1220 0201 70617261 		.ascii	"parameterID\000"
 1220      6D657465 
 1220      72494400 
 1221              	.LASF37:
 1222 020d 474E5520 		.ascii	"GNU C11 5.4.1 20160609 (release) [ARM/embedded-5-br"
 1222      43313120 
 1222      352E342E 
 1222      31203230 
 1222      31363036 
 1223 0240 616E6368 		.ascii	"anch revision 237715] -mcpu=cortex-m3 -mthumb -g -O"
 1223      20726576 
 1223      6973696F 
 1223      6E203233 
 1223      37373135 
 1224 0273 67202D66 		.ascii	"g -ffunction-sections -ffat-lto-objects\000"
 1224      66756E63 
 1224      74696F6E 
 1224      2D736563 
 1224      74696F6E 
 1225              	.LASF14:
ARM GAS  C:\Users\jimvr\AppData\Local\Temp\ccpoIzzT.s 			page 26


 1226 029b 75695061 		.ascii	"uiParameterID\000"
 1226      72616D65 
 1226      74657249 
 1226      4400
 1227              	.LASF30:
 1228 02a9 71756575 		.ascii	"queue_count\000"
 1228      655F636F 
 1228      756E7400 
 1229              		.ident	"GCC: (GNU Tools for ARM Embedded Processors) 5.4.1 20160609 (release) [ARM/embedded-5-bran
