ARM GAS  C:\Users\jimvr\AppData\Local\Temp\ccJWQyKu.s 			page 1


   1              		.syntax unified
   2              		.cpu cortex-m3
   3              		.fpu softvfp
   4              		.eabi_attribute 20, 1
   5              		.eabi_attribute 21, 1
   6              		.eabi_attribute 23, 3
   7              		.eabi_attribute 24, 1
   8              		.eabi_attribute 25, 1
   9              		.eabi_attribute 26, 1
  10              		.eabi_attribute 30, 4
  11              		.eabi_attribute 34, 1
  12              		.eabi_attribute 18, 4
  13              		.thumb
  14              		.syntax unified
  15              		.file	"queue.c"
  16              		.text
  17              	.Ltext0:
  18              		.cfi_sections	.debug_frame
  19              		.section	.text.queue_dequeue,"ax",%progbits
  20              		.align	1
  21              		.global	queue_dequeue
  22              		.thumb
  23              		.thumb_func
  24              		.type	queue_dequeue, %function
  25              	queue_dequeue:
  26              	.LFB1:
  27              		.file 1 "queue.c"
   1:queue.c       **** /*
   2:queue.c       **** 
   3:queue.c       ****     queue.c
   4:queue.c       ****     *****************************************************************************
   5:queue.c       ****     * Copyright (2014 - 2019) The NED Group
   6:queue.c       ****     ******************************************************************************
   7:queue.c       ****     see main.c for full disclaimer
   8:queue.c       ****     
   9:queue.c       **** */
  10:queue.c       ****     
  11:queue.c       **** 
  12:queue.c       **** #include <stdbool.h>
  13:queue.c       **** #include "queue.h"
  14:queue.c       **** #include "rdm.h"
  15:queue.c       **** 
  16:queue.c       **** extern structQueueItem Queue[QUEUE_LENGTH];
  17:queue.c       **** extern uint8 QueueMemory[QUEUE_MEMORY];
  18:queue.c       **** extern uint8 QueueIndex;
  19:queue.c       **** extern uint8* QueueMemPtr;
  20:queue.c       **** extern uint8 QueueMemLen;
  21:queue.c       **** 
  22:queue.c       **** extern bool RDM_pendingDequeue;
  23:queue.c       **** 
  24:queue.c       **** bool queue_enqueue(uint16 parameterID, uint8 commandClass, uint8* Data, uint8 DataLength)
  25:queue.c       **** {
  26:queue.c       ****     structQueueItem QI;
  27:queue.c       ****     QI.uiParameterID = CYSWAP_ENDIAN16(parameterID);
  28:queue.c       ****     QI.byCommandClass = commandClass;
  29:queue.c       **** 
  30:queue.c       ****     if (DataLength > QueueMemLen || QueueIndex >= QUEUE_LENGTH)
ARM GAS  C:\Users\jimvr\AppData\Local\Temp\ccJWQyKu.s 			page 2


  31:queue.c       ****         queue_dequeue();
  32:queue.c       **** 
  33:queue.c       ****     QI.byParameterData = QueueMemPtr;
  34:queue.c       ****     QI.byParameterLength = DataLength;
  35:queue.c       ****     memcpy(QueueMemPtr, Data, DataLength);
  36:queue.c       **** 
  37:queue.c       ****     QueueMemPtr += DataLength;
  38:queue.c       ****     QueueMemLen -= DataLength;
  39:queue.c       **** 
  40:queue.c       ****     Queue[QueueIndex] = QI;
  41:queue.c       ****     QueueIndex++;
  42:queue.c       **** 
  43:queue.c       ****     RDM_pendingDequeue = true;
  44:queue.c       ****     return true;
  45:queue.c       **** }
  46:queue.c       **** 
  47:queue.c       **** void queue_dequeue()
  48:queue.c       **** {
  28              		.loc 1 48 0
  29              		.cfi_startproc
  30              		@ args = 0, pretend = 0, frame = 0
  31              		@ frame_needed = 0, uses_anonymous_args = 0
  32              	.LVL0:
  33 0000 2DE9F041 		push	{r4, r5, r6, r7, r8, lr}
  34              		.cfi_def_cfa_offset 24
  35              		.cfi_offset 4, -24
  36              		.cfi_offset 5, -20
  37              		.cfi_offset 6, -16
  38              		.cfi_offset 7, -12
  39              		.cfi_offset 8, -8
  40              		.cfi_offset 14, -4
  49:queue.c       ****     uint8 memLen = Queue[0].byParameterLength;
  50:queue.c       ****     uint8 i;
  51:queue.c       **** 
  52:queue.c       ****     if (!QueueIndex)
  41              		.loc 1 52 0
  42 0004 184F     		ldr	r7, .L13
  43 0006 97F80080 		ldrb	r8, [r7]	@ zero_extendqisi2
  44 000a B8F1000F 		cmp	r8, #0
  45 000e 29D0     		beq	.L1
  49:queue.c       ****     uint8 memLen = Queue[0].byParameterLength;
  46              		.loc 1 49 0
  47 0010 164D     		ldr	r5, .L13+4
  53:queue.c       ****         return;
  54:queue.c       **** 
  55:queue.c       ****     memmove(&Queue, &Queue[1], QUEUE_LENGTH - 1);
  48              		.loc 1 55 0
  49 0012 0922     		movs	r2, #9
  50 0014 05F10801 		add	r1, r5, #8
  51 0018 2846     		mov	r0, r5
  49:queue.c       ****     uint8 memLen = Queue[0].byParameterLength;
  52              		.loc 1 49 0
  53 001a EE78     		ldrb	r6, [r5, #3]	@ zero_extendqisi2
  54              		.loc 1 55 0
  55 001c FFF7FEFF 		bl	memmove
  56              	.LVL1:
  56:queue.c       ****     memset(&Queue[QUEUE_LENGTH - 1], 0, sizeof(structQueueItem));
ARM GAS  C:\Users\jimvr\AppData\Local\Temp\ccJWQyKu.s 			page 3


  57:queue.c       **** 
  58:queue.c       ****     memmove(QueueMemory, &QueueMemory[memLen], QUEUE_MEMORY - memLen);
  57              		.loc 1 58 0
  58 0020 1348     		ldr	r0, .L13+8
  56:queue.c       ****     memset(&Queue[QUEUE_LENGTH - 1], 0, sizeof(structQueueItem));
  59              		.loc 1 56 0
  60 0022 0024     		movs	r4, #0
  61 0024 AC64     		str	r4, [r5, #72]	@ unaligned
  62 0026 EC64     		str	r4, [r5, #76]	@ unaligned
  63              		.loc 1 58 0
  64 0028 C6F11402 		rsb	r2, r6, #20
  65 002c 8119     		adds	r1, r0, r6
  66 002e FFF7FEFF 		bl	memmove
  67              	.LVL2:
  68 0032 2346     		mov	r3, r4
  59:queue.c       **** 
  60:queue.c       ****     for (i = 0; i < QUEUE_LENGTH; i++)
  61:queue.c       ****         if (Queue[i].uiParameterID)
  69              		.loc 1 61 0
  70 0034 2846     		mov	r0, r5
  71              	.LVL3:
  72              	.L4:
  73 0036 35F83320 		ldrh	r2, [r5, r3, lsl #3]	@ unaligned
  74 003a 22B1     		cbz	r2, .L3
  62:queue.c       ****             Queue[i].byParameterData -= memLen;
  75              		.loc 1 62 0
  76 003c 00EBC301 		add	r1, r0, r3, lsl #3
  77 0040 4A68     		ldr	r2, [r1, #4]	@ unaligned
  78 0042 921B     		subs	r2, r2, r6
  79 0044 4A60     		str	r2, [r1, #4]	@ unaligned
  80              	.L3:
  81              	.LVL4:
  82 0046 0133     		adds	r3, r3, #1
  83              	.LVL5:
  60:queue.c       ****         if (Queue[i].uiParameterID)
  84              		.loc 1 60 0 discriminator 2
  85 0048 0A2B     		cmp	r3, #10
  86 004a F4D1     		bne	.L4
  63:queue.c       **** 
  64:queue.c       ****     QueueMemPtr -= memLen;
  87              		.loc 1 64 0
  88 004c 094A     		ldr	r2, .L13+12
  65:queue.c       ****     QueueMemLen += memLen;
  66:queue.c       ****     QueueIndex--;
  89              		.loc 1 66 0
  90 004e 08F1FF38 		add	r8, r8, #-1
  64:queue.c       ****     QueueMemLen += memLen;
  91              		.loc 1 64 0
  92 0052 1368     		ldr	r3, [r2]
  93              		.loc 1 66 0
  94 0054 87F80080 		strb	r8, [r7]
  64:queue.c       ****     QueueMemLen += memLen;
  95              		.loc 1 64 0
  96 0058 9B1B     		subs	r3, r3, r6
  97 005a 1360     		str	r3, [r2]
  65:queue.c       ****     QueueMemLen += memLen;
  98              		.loc 1 65 0
ARM GAS  C:\Users\jimvr\AppData\Local\Temp\ccJWQyKu.s 			page 4


  99 005c 064A     		ldr	r2, .L13+16
 100 005e 1378     		ldrb	r3, [r2]	@ zero_extendqisi2
 101 0060 1E44     		add	r6, r6, r3
 102 0062 1670     		strb	r6, [r2]
 103              	.L1:
 104 0064 BDE8F081 		pop	{r4, r5, r6, r7, r8, pc}
 105              	.L14:
 106              		.align	2
 107              	.L13:
 108 0068 00000000 		.word	QueueIndex
 109 006c 00000000 		.word	Queue
 110 0070 00000000 		.word	QueueMemory
 111 0074 00000000 		.word	QueueMemPtr
 112 0078 00000000 		.word	QueueMemLen
 113              		.cfi_endproc
 114              	.LFE1:
 115              		.size	queue_dequeue, .-queue_dequeue
 116              		.section	.text.queue_enqueue,"ax",%progbits
 117              		.align	1
 118              		.global	queue_enqueue
 119              		.thumb
 120              		.thumb_func
 121              		.type	queue_enqueue, %function
 122              	queue_enqueue:
 123              	.LFB0:
  25:queue.c       ****     structQueueItem QI;
 124              		.loc 1 25 0
 125              		.cfi_startproc
 126              		@ args = 0, pretend = 0, frame = 0
 127              		@ frame_needed = 0, uses_anonymous_args = 0
 128              	.LVL6:
 129 0000 2DE9F84F 		push	{r3, r4, r5, r6, r7, r8, r9, r10, fp, lr}
 130              		.cfi_def_cfa_offset 40
 131              		.cfi_offset 3, -40
 132              		.cfi_offset 4, -36
 133              		.cfi_offset 5, -32
 134              		.cfi_offset 6, -28
 135              		.cfi_offset 7, -24
 136              		.cfi_offset 8, -20
 137              		.cfi_offset 9, -16
 138              		.cfi_offset 10, -12
 139              		.cfi_offset 11, -8
 140              		.cfi_offset 14, -4
  25:queue.c       ****     structQueueItem QI;
 141              		.loc 1 25 0
 142 0004 1C46     		mov	r4, r3
  30:queue.c       ****         queue_dequeue();
 143              		.loc 1 30 0
 144 0006 184D     		ldr	r5, .L18
  25:queue.c       ****     structQueueItem QI;
 145              		.loc 1 25 0
 146 0008 0F46     		mov	r7, r1
  30:queue.c       ****         queue_dequeue();
 147              		.loc 1 30 0
 148 000a 2B78     		ldrb	r3, [r5]	@ zero_extendqisi2
 149              	.LVL7:
  25:queue.c       ****     structQueueItem QI;
ARM GAS  C:\Users\jimvr\AppData\Local\Temp\ccJWQyKu.s 			page 5


 150              		.loc 1 25 0
 151 000c 9346     		mov	fp, r2
  30:queue.c       ****         queue_dequeue();
 152              		.loc 1 30 0
 153 000e A342     		cmp	r3, r4
  27:queue.c       ****     QI.byCommandClass = commandClass;
 154              		.loc 1 27 0
 155 0010 90FA90F8 		rev16	r8, r0
 156              	.LVL8:
 157 0014 154E     		ldr	r6, .L18+4
  30:queue.c       ****         queue_dequeue();
 158              		.loc 1 30 0
 159 0016 02D3     		bcc	.L16
  30:queue.c       ****         queue_dequeue();
 160              		.loc 1 30 0 is_stmt 0 discriminator 1
 161 0018 3378     		ldrb	r3, [r6]	@ zero_extendqisi2
 162 001a 092B     		cmp	r3, #9
 163 001c 01D9     		bls	.L17
 164              	.L16:
  31:queue.c       **** 
 165              		.loc 1 31 0 is_stmt 1
 166 001e FFF7FEFF 		bl	queue_dequeue
 167              	.LVL9:
 168              	.L17:
  33:queue.c       ****     QI.byParameterLength = DataLength;
 169              		.loc 1 33 0
 170 0022 DFF854A0 		ldr	r10, .L18+16
  35:queue.c       **** 
 171              		.loc 1 35 0
 172 0026 2246     		mov	r2, r4
  33:queue.c       ****     QI.byParameterLength = DataLength;
 173              		.loc 1 33 0
 174 0028 DAF80090 		ldr	r9, [r10]
 175              	.LVL10:
  35:queue.c       **** 
 176              		.loc 1 35 0
 177 002c 5946     		mov	r1, fp
 178 002e 4846     		mov	r0, r9
 179 0030 FFF7FEFF 		bl	memcpy
 180              	.LVL11:
  37:queue.c       ****     QueueMemLen -= DataLength;
 181              		.loc 1 37 0
 182 0034 DAF80030 		ldr	r3, [r10]
  40:queue.c       ****     QueueIndex++;
 183              		.loc 1 40 0
 184 0038 3278     		ldrb	r2, [r6]	@ zero_extendqisi2
  37:queue.c       ****     QueueMemLen -= DataLength;
 185              		.loc 1 37 0
 186 003a 2344     		add	r3, r3, r4
 187 003c CAF80030 		str	r3, [r10]
  38:queue.c       **** 
 188              		.loc 1 38 0
 189 0040 2B78     		ldrb	r3, [r5]	@ zero_extendqisi2
  40:queue.c       ****     QueueIndex++;
 190              		.loc 1 40 0
 191 0042 0B49     		ldr	r1, .L18+8
  38:queue.c       **** 
ARM GAS  C:\Users\jimvr\AppData\Local\Temp\ccJWQyKu.s 			page 6


 192              		.loc 1 38 0
 193 0044 1B1B     		subs	r3, r3, r4
 194 0046 2B70     		strb	r3, [r5]
  40:queue.c       ****     QueueIndex++;
 195              		.loc 1 40 0
 196 0048 01EBC203 		add	r3, r1, r2, lsl #3
 197 004c 21F83280 		strh	r8, [r1, r2, lsl #3]	@ unaligned
 198 0050 9F70     		strb	r7, [r3, #2]
 199 0052 DC70     		strb	r4, [r3, #3]
 200 0054 C3F80490 		str	r9, [r3, #4]	@ unaligned
  41:queue.c       **** 
 201              		.loc 1 41 0
 202 0058 0132     		adds	r2, r2, #1
  43:queue.c       ****     return true;
 203              		.loc 1 43 0
 204 005a 064B     		ldr	r3, .L18+12
 205 005c 0120     		movs	r0, #1
  41:queue.c       **** 
 206              		.loc 1 41 0
 207 005e 3270     		strb	r2, [r6]
  43:queue.c       ****     return true;
 208              		.loc 1 43 0
 209 0060 1870     		strb	r0, [r3]
 210              	.LVL12:
  45:queue.c       **** 
 211              		.loc 1 45 0
 212 0062 BDE8F88F 		pop	{r3, r4, r5, r6, r7, r8, r9, r10, fp, pc}
 213              	.LVL13:
 214              	.L19:
 215 0066 00BF     		.align	2
 216              	.L18:
 217 0068 00000000 		.word	QueueMemLen
 218 006c 00000000 		.word	QueueIndex
 219 0070 00000000 		.word	Queue
 220 0074 00000000 		.word	RDM_pendingDequeue
 221 0078 00000000 		.word	QueueMemPtr
 222              		.cfi_endproc
 223              	.LFE0:
 224              		.size	queue_enqueue, .-queue_enqueue
 225              		.section	.text.queue_front,"ax",%progbits
 226              		.align	1
 227              		.global	queue_front
 228              		.thumb
 229              		.thumb_func
 230              		.type	queue_front, %function
 231              	queue_front:
 232              	.LFB2:
  67:queue.c       **** }
  68:queue.c       **** 
  69:queue.c       **** structQueueItem queue_front()
  70:queue.c       **** {
 233              		.loc 1 70 0
 234              		.cfi_startproc
 235              		@ args = 0, pretend = 0, frame = 0
 236              		@ frame_needed = 0, uses_anonymous_args = 0
 237              		@ link register save eliminated.
 238              	.LVL14:
ARM GAS  C:\Users\jimvr\AppData\Local\Temp\ccJWQyKu.s 			page 7


  71:queue.c       ****     return Queue[0];
 239              		.loc 1 71 0
 240 0000 0249     		ldr	r1, .L21
 241 0002 0B68     		ldr	r3, [r1]	@ unaligned
 242 0004 0360     		str	r3, [r0]	@ unaligned
 243 0006 4B68     		ldr	r3, [r1, #4]	@ unaligned
 244 0008 4360     		str	r3, [r0, #4]	@ unaligned
  72:queue.c       **** }
 245              		.loc 1 72 0
 246 000a 7047     		bx	lr
 247              	.L22:
 248              		.align	2
 249              	.L21:
 250 000c 00000000 		.word	Queue
 251              		.cfi_endproc
 252              	.LFE2:
 253              		.size	queue_front, .-queue_front
 254              		.section	.text.queue_count,"ax",%progbits
 255              		.align	1
 256              		.global	queue_count
 257              		.thumb
 258              		.thumb_func
 259              		.type	queue_count, %function
 260              	queue_count:
 261              	.LFB3:
  73:queue.c       **** 
  74:queue.c       **** uint8 queue_count()
  75:queue.c       **** {
 262              		.loc 1 75 0
 263              		.cfi_startproc
 264              		@ args = 0, pretend = 0, frame = 0
 265              		@ frame_needed = 0, uses_anonymous_args = 0
 266              		@ link register save eliminated.
  76:queue.c       ****     return QueueIndex;
  77:queue.c       **** }
 267              		.loc 1 77 0
 268 0000 014B     		ldr	r3, .L24
 269 0002 1878     		ldrb	r0, [r3]	@ zero_extendqisi2
 270 0004 7047     		bx	lr
 271              	.L25:
 272 0006 00BF     		.align	2
 273              	.L24:
 274 0008 00000000 		.word	QueueIndex
 275              		.cfi_endproc
 276              	.LFE3:
 277              		.size	queue_count, .-queue_count
 278              		.text
 279              	.Letext0:
 280              		.file 2 "cytypes.h"
 281              		.file 3 "queue.h"
 282              		.file 4 "<built-in>"
 283              		.section	.debug_info,"",%progbits
 284              	.Ldebug_info0:
 285 0000 DB020000 		.4byte	0x2db
 286 0004 0400     		.2byte	0x4
 287 0006 00000000 		.4byte	.Ldebug_abbrev0
 288 000a 04       		.byte	0x4
ARM GAS  C:\Users\jimvr\AppData\Local\Temp\ccJWQyKu.s 			page 8


 289 000b 01       		.uleb128 0x1
 290 000c 05010000 		.4byte	.LASF36
 291 0010 0C       		.byte	0xc
 292 0011 E2010000 		.4byte	.LASF37
 293 0015 11020000 		.4byte	.LASF38
 294 0019 00000000 		.4byte	.Ldebug_ranges0+0
 295 001d 00000000 		.4byte	0
 296 0021 00000000 		.4byte	.Ldebug_line0
 297 0025 02       		.uleb128 0x2
 298 0026 01       		.byte	0x1
 299 0027 06       		.byte	0x6
 300 0028 D5000000 		.4byte	.LASF0
 301 002c 02       		.uleb128 0x2
 302 002d 01       		.byte	0x1
 303 002e 08       		.byte	0x8
 304 002f BB000000 		.4byte	.LASF1
 305 0033 02       		.uleb128 0x2
 306 0034 02       		.byte	0x2
 307 0035 05       		.byte	0x5
 308 0036 00000000 		.4byte	.LASF2
 309 003a 02       		.uleb128 0x2
 310 003b 02       		.byte	0x2
 311 003c 07       		.byte	0x7
 312 003d A3010000 		.4byte	.LASF3
 313 0041 02       		.uleb128 0x2
 314 0042 04       		.byte	0x4
 315 0043 05       		.byte	0x5
 316 0044 8D000000 		.4byte	.LASF4
 317 0048 02       		.uleb128 0x2
 318 0049 04       		.byte	0x4
 319 004a 07       		.byte	0x7
 320 004b F8010000 		.4byte	.LASF5
 321 004f 02       		.uleb128 0x2
 322 0050 08       		.byte	0x8
 323 0051 05       		.byte	0x5
 324 0052 78000000 		.4byte	.LASF6
 325 0056 02       		.uleb128 0x2
 326 0057 08       		.byte	0x8
 327 0058 07       		.byte	0x7
 328 0059 E1000000 		.4byte	.LASF7
 329 005d 03       		.uleb128 0x3
 330 005e 04       		.byte	0x4
 331 005f 05       		.byte	0x5
 332 0060 696E7400 		.ascii	"int\000"
 333 0064 02       		.uleb128 0x2
 334 0065 04       		.byte	0x4
 335 0066 07       		.byte	0x7
 336 0067 F8000000 		.4byte	.LASF8
 337 006b 04       		.uleb128 0x4
 338 006c 5A000000 		.4byte	.LASF9
 339 0070 02       		.byte	0x2
 340 0071 9401     		.2byte	0x194
 341 0073 2C000000 		.4byte	0x2c
 342 0077 04       		.uleb128 0x4
 343 0078 45000000 		.4byte	.LASF10
 344 007c 02       		.byte	0x2
 345 007d 9501     		.2byte	0x195
ARM GAS  C:\Users\jimvr\AppData\Local\Temp\ccJWQyKu.s 			page 9


 346 007f 3A000000 		.4byte	0x3a
 347 0083 02       		.uleb128 0x2
 348 0084 04       		.byte	0x4
 349 0085 04       		.byte	0x4
 350 0086 72000000 		.4byte	.LASF11
 351 008a 02       		.uleb128 0x2
 352 008b 08       		.byte	0x8
 353 008c 04       		.byte	0x4
 354 008d 0A020000 		.4byte	.LASF12
 355 0091 02       		.uleb128 0x2
 356 0092 01       		.byte	0x1
 357 0093 08       		.byte	0x8
 358 0094 C5010000 		.4byte	.LASF13
 359 0098 05       		.uleb128 0x5
 360 0099 08       		.byte	0x8
 361 009a 03       		.byte	0x3
 362 009b 15       		.byte	0x15
 363 009c D1000000 		.4byte	0xd1
 364 00a0 06       		.uleb128 0x6
 365 00a1 9B020000 		.4byte	.LASF14
 366 00a5 03       		.byte	0x3
 367 00a6 16       		.byte	0x16
 368 00a7 77000000 		.4byte	0x77
 369 00ab 00       		.byte	0
 370 00ac 06       		.uleb128 0x6
 371 00ad B6010000 		.4byte	.LASF15
 372 00b1 03       		.byte	0x3
 373 00b2 17       		.byte	0x17
 374 00b3 6B000000 		.4byte	0x6b
 375 00b7 02       		.byte	0x2
 376 00b8 06       		.uleb128 0x6
 377 00b9 60000000 		.4byte	.LASF16
 378 00bd 03       		.byte	0x3
 379 00be 18       		.byte	0x18
 380 00bf 6B000000 		.4byte	0x6b
 381 00c3 03       		.byte	0x3
 382 00c4 06       		.uleb128 0x6
 383 00c5 74020000 		.4byte	.LASF17
 384 00c9 03       		.byte	0x3
 385 00ca 19       		.byte	0x19
 386 00cb D1000000 		.4byte	0xd1
 387 00cf 04       		.byte	0x4
 388 00d0 00       		.byte	0
 389 00d1 07       		.uleb128 0x7
 390 00d2 04       		.byte	0x4
 391 00d3 6B000000 		.4byte	0x6b
 392 00d7 08       		.uleb128 0x8
 393 00d8 93010000 		.4byte	.LASF18
 394 00dc 03       		.byte	0x3
 395 00dd 1A       		.byte	0x1a
 396 00de 98000000 		.4byte	0x98
 397 00e2 02       		.uleb128 0x2
 398 00e3 04       		.byte	0x4
 399 00e4 07       		.byte	0x7
 400 00e5 0A000000 		.4byte	.LASF19
 401 00e9 02       		.uleb128 0x2
 402 00ea 01       		.byte	0x1
ARM GAS  C:\Users\jimvr\AppData\Local\Temp\ccJWQyKu.s 			page 10


 403 00eb 02       		.byte	0x2
 404 00ec D6010000 		.4byte	.LASF20
 405 00f0 09       		.uleb128 0x9
 406 00f1 EA010000 		.4byte	.LASF39
 407 00f5 01       		.byte	0x1
 408 00f6 2F       		.byte	0x2f
 409 00f7 00000000 		.4byte	.LFB1
 410 00fb 7C000000 		.4byte	.LFE1-.LFB1
 411 00ff 01       		.uleb128 0x1
 412 0100 9C       		.byte	0x9c
 413 0101 8D010000 		.4byte	0x18d
 414 0105 0A       		.uleb128 0xa
 415 0106 6D020000 		.4byte	.LASF40
 416 010a 01       		.byte	0x1
 417 010b 31       		.byte	0x31
 418 010c 6B000000 		.4byte	0x6b
 419 0110 0B       		.uleb128 0xb
 420 0111 6900     		.ascii	"i\000"
 421 0113 01       		.byte	0x1
 422 0114 32       		.byte	0x32
 423 0115 6B000000 		.4byte	0x6b
 424 0119 00000000 		.4byte	.LLST0
 425 011d 0C       		.uleb128 0xc
 426 011e B3000000 		.4byte	.LASF21
 427 0122 04       		.byte	0x4
 428 0123 00       		.byte	0
 429 0124 8D010000 		.4byte	0x18d
 430 0128 3C010000 		.4byte	0x13c
 431 012c 0D       		.uleb128 0xd
 432 012d 8D010000 		.4byte	0x18d
 433 0131 0D       		.uleb128 0xd
 434 0132 8F010000 		.4byte	0x18f
 435 0136 0D       		.uleb128 0xd
 436 0137 64000000 		.4byte	0x64
 437 013b 00       		.byte	0
 438 013c 0C       		.uleb128 0xc
 439 013d 86000000 		.4byte	.LASF22
 440 0141 04       		.byte	0x4
 441 0142 00       		.byte	0
 442 0143 8D010000 		.4byte	0x18d
 443 0147 5B010000 		.4byte	0x15b
 444 014b 0D       		.uleb128 0xd
 445 014c 8D010000 		.4byte	0x18d
 446 0150 0D       		.uleb128 0xd
 447 0151 5D000000 		.4byte	0x5d
 448 0155 0D       		.uleb128 0xd
 449 0156 64000000 		.4byte	0x64
 450 015a 00       		.byte	0
 451 015b 0E       		.uleb128 0xe
 452 015c 20000000 		.4byte	.LVL1
 453 0160 CA020000 		.4byte	0x2ca
 454 0164 7A010000 		.4byte	0x17a
 455 0168 0F       		.uleb128 0xf
 456 0169 01       		.uleb128 0x1
 457 016a 50       		.byte	0x50
 458 016b 02       		.uleb128 0x2
 459 016c 75       		.byte	0x75
ARM GAS  C:\Users\jimvr\AppData\Local\Temp\ccJWQyKu.s 			page 11


 460 016d 00       		.sleb128 0
 461 016e 0F       		.uleb128 0xf
 462 016f 01       		.uleb128 0x1
 463 0170 51       		.byte	0x51
 464 0171 02       		.uleb128 0x2
 465 0172 75       		.byte	0x75
 466 0173 08       		.sleb128 8
 467 0174 0F       		.uleb128 0xf
 468 0175 01       		.uleb128 0x1
 469 0176 52       		.byte	0x52
 470 0177 01       		.uleb128 0x1
 471 0178 39       		.byte	0x39
 472 0179 00       		.byte	0
 473 017a 10       		.uleb128 0x10
 474 017b 32000000 		.4byte	.LVL2
 475 017f CA020000 		.4byte	0x2ca
 476 0183 0F       		.uleb128 0xf
 477 0184 01       		.uleb128 0x1
 478 0185 52       		.byte	0x52
 479 0186 04       		.uleb128 0x4
 480 0187 44       		.byte	0x44
 481 0188 76       		.byte	0x76
 482 0189 00       		.sleb128 0
 483 018a 1C       		.byte	0x1c
 484 018b 00       		.byte	0
 485 018c 00       		.byte	0
 486 018d 11       		.uleb128 0x11
 487 018e 04       		.byte	0x4
 488 018f 07       		.uleb128 0x7
 489 0190 04       		.byte	0x4
 490 0191 95010000 		.4byte	0x195
 491 0195 12       		.uleb128 0x12
 492 0196 13       		.uleb128 0x13
 493 0197 4C000000 		.4byte	.LASF41
 494 019b 01       		.byte	0x1
 495 019c 18       		.byte	0x18
 496 019d E9000000 		.4byte	0xe9
 497 01a1 00000000 		.4byte	.LFB0
 498 01a5 7C000000 		.4byte	.LFE0-.LFB0
 499 01a9 01       		.uleb128 0x1
 500 01aa 9C       		.byte	0x9c
 501 01ab 3E020000 		.4byte	0x23e
 502 01af 14       		.uleb128 0x14
 503 01b0 8F020000 		.4byte	.LASF23
 504 01b4 01       		.byte	0x1
 505 01b5 18       		.byte	0x18
 506 01b6 77000000 		.4byte	0x77
 507 01ba 2C000000 		.4byte	.LLST1
 508 01be 14       		.uleb128 0x14
 509 01bf 96000000 		.4byte	.LASF24
 510 01c3 01       		.byte	0x1
 511 01c4 18       		.byte	0x18
 512 01c5 6B000000 		.4byte	0x6b
 513 01c9 4D000000 		.4byte	.LLST2
 514 01cd 14       		.uleb128 0x14
 515 01ce A3000000 		.4byte	.LASF25
 516 01d2 01       		.byte	0x1
ARM GAS  C:\Users\jimvr\AppData\Local\Temp\ccJWQyKu.s 			page 12


 517 01d3 18       		.byte	0x18
 518 01d4 D1000000 		.4byte	0xd1
 519 01d8 6E000000 		.4byte	.LLST3
 520 01dc 14       		.uleb128 0x14
 521 01dd 84020000 		.4byte	.LASF26
 522 01e1 01       		.byte	0x1
 523 01e2 18       		.byte	0x18
 524 01e3 6B000000 		.4byte	0x6b
 525 01e7 9A000000 		.4byte	.LLST4
 526 01eb 0B       		.uleb128 0xb
 527 01ec 514900   		.ascii	"QI\000"
 528 01ef 01       		.byte	0x1
 529 01f0 1A       		.byte	0x1a
 530 01f1 D7000000 		.4byte	0xd7
 531 01f5 BB000000 		.4byte	.LLST5
 532 01f9 0C       		.uleb128 0xc
 533 01fa 13000000 		.4byte	.LASF27
 534 01fe 04       		.byte	0x4
 535 01ff 00       		.byte	0
 536 0200 8D010000 		.4byte	0x18d
 537 0204 18020000 		.4byte	0x218
 538 0208 0D       		.uleb128 0xd
 539 0209 8D010000 		.4byte	0x18d
 540 020d 0D       		.uleb128 0xd
 541 020e 8F010000 		.4byte	0x18f
 542 0212 0D       		.uleb128 0xd
 543 0213 64000000 		.4byte	0x64
 544 0217 00       		.byte	0
 545 0218 15       		.uleb128 0x15
 546 0219 22000000 		.4byte	.LVL9
 547 021d F0000000 		.4byte	0xf0
 548 0221 10       		.uleb128 0x10
 549 0222 34000000 		.4byte	.LVL11
 550 0226 D5020000 		.4byte	0x2d5
 551 022a 0F       		.uleb128 0xf
 552 022b 01       		.uleb128 0x1
 553 022c 50       		.byte	0x50
 554 022d 02       		.uleb128 0x2
 555 022e 79       		.byte	0x79
 556 022f 00       		.sleb128 0
 557 0230 0F       		.uleb128 0xf
 558 0231 01       		.uleb128 0x1
 559 0232 51       		.byte	0x51
 560 0233 02       		.uleb128 0x2
 561 0234 7B       		.byte	0x7b
 562 0235 00       		.sleb128 0
 563 0236 0F       		.uleb128 0xf
 564 0237 01       		.uleb128 0x1
 565 0238 52       		.byte	0x52
 566 0239 02       		.uleb128 0x2
 567 023a 74       		.byte	0x74
 568 023b 00       		.sleb128 0
 569 023c 00       		.byte	0
 570 023d 00       		.byte	0
 571 023e 16       		.uleb128 0x16
 572 023f C9000000 		.4byte	.LASF28
 573 0243 01       		.byte	0x1
ARM GAS  C:\Users\jimvr\AppData\Local\Temp\ccJWQyKu.s 			page 13


 574 0244 45       		.byte	0x45
 575 0245 D7000000 		.4byte	0xd7
 576 0249 00000000 		.4byte	.LFB2
 577 024d 10000000 		.4byte	.LFE2-.LFB2
 578 0251 01       		.uleb128 0x1
 579 0252 9C       		.byte	0x9c
 580 0253 16       		.uleb128 0x16
 581 0254 A9020000 		.4byte	.LASF29
 582 0258 01       		.byte	0x1
 583 0259 4A       		.byte	0x4a
 584 025a 6B000000 		.4byte	0x6b
 585 025e 00000000 		.4byte	.LFB3
 586 0262 0C000000 		.4byte	.LFE3-.LFB3
 587 0266 01       		.uleb128 0x1
 588 0267 9C       		.byte	0x9c
 589 0268 17       		.uleb128 0x17
 590 0269 D7000000 		.4byte	0xd7
 591 026d 78020000 		.4byte	0x278
 592 0271 18       		.uleb128 0x18
 593 0272 E2000000 		.4byte	0xe2
 594 0276 09       		.byte	0x9
 595 0277 00       		.byte	0
 596 0278 19       		.uleb128 0x19
 597 0279 DC010000 		.4byte	.LASF30
 598 027d 01       		.byte	0x1
 599 027e 10       		.byte	0x10
 600 027f 68020000 		.4byte	0x268
 601 0283 17       		.uleb128 0x17
 602 0284 6B000000 		.4byte	0x6b
 603 0288 93020000 		.4byte	0x293
 604 028c 18       		.uleb128 0x18
 605 028d E2000000 		.4byte	0xe2
 606 0291 13       		.byte	0x13
 607 0292 00       		.byte	0
 608 0293 19       		.uleb128 0x19
 609 0294 CA010000 		.4byte	.LASF31
 610 0298 01       		.byte	0x1
 611 0299 11       		.byte	0x11
 612 029a 83020000 		.4byte	0x283
 613 029e 19       		.uleb128 0x19
 614 029f A8000000 		.4byte	.LASF32
 615 02a3 01       		.byte	0x1
 616 02a4 12       		.byte	0x12
 617 02a5 6B000000 		.4byte	0x6b
 618 02a9 19       		.uleb128 0x19
 619 02aa 39000000 		.4byte	.LASF33
 620 02ae 01       		.byte	0x1
 621 02af 13       		.byte	0x13
 622 02b0 D1000000 		.4byte	0xd1
 623 02b4 19       		.uleb128 0x19
 624 02b5 1A000000 		.4byte	.LASF34
 625 02b9 01       		.byte	0x1
 626 02ba 14       		.byte	0x14
 627 02bb 6B000000 		.4byte	0x6b
 628 02bf 19       		.uleb128 0x19
 629 02c0 26000000 		.4byte	.LASF35
 630 02c4 01       		.byte	0x1
ARM GAS  C:\Users\jimvr\AppData\Local\Temp\ccJWQyKu.s 			page 14


 631 02c5 16       		.byte	0x16
 632 02c6 E9000000 		.4byte	0xe9
 633 02ca 1A       		.uleb128 0x1a
 634 02cb B3000000 		.4byte	.LASF21
 635 02cf B3000000 		.4byte	.LASF21
 636 02d3 04       		.byte	0x4
 637 02d4 00       		.byte	0
 638 02d5 1B       		.uleb128 0x1b
 639 02d6 13000000 		.4byte	.LASF27
 640 02da 13000000 		.4byte	.LASF27
 641 02de 00       		.byte	0
 642              		.section	.debug_abbrev,"",%progbits
 643              	.Ldebug_abbrev0:
 644 0000 01       		.uleb128 0x1
 645 0001 11       		.uleb128 0x11
 646 0002 01       		.byte	0x1
 647 0003 25       		.uleb128 0x25
 648 0004 0E       		.uleb128 0xe
 649 0005 13       		.uleb128 0x13
 650 0006 0B       		.uleb128 0xb
 651 0007 03       		.uleb128 0x3
 652 0008 0E       		.uleb128 0xe
 653 0009 1B       		.uleb128 0x1b
 654 000a 0E       		.uleb128 0xe
 655 000b 55       		.uleb128 0x55
 656 000c 17       		.uleb128 0x17
 657 000d 11       		.uleb128 0x11
 658 000e 01       		.uleb128 0x1
 659 000f 10       		.uleb128 0x10
 660 0010 17       		.uleb128 0x17
 661 0011 00       		.byte	0
 662 0012 00       		.byte	0
 663 0013 02       		.uleb128 0x2
 664 0014 24       		.uleb128 0x24
 665 0015 00       		.byte	0
 666 0016 0B       		.uleb128 0xb
 667 0017 0B       		.uleb128 0xb
 668 0018 3E       		.uleb128 0x3e
 669 0019 0B       		.uleb128 0xb
 670 001a 03       		.uleb128 0x3
 671 001b 0E       		.uleb128 0xe
 672 001c 00       		.byte	0
 673 001d 00       		.byte	0
 674 001e 03       		.uleb128 0x3
 675 001f 24       		.uleb128 0x24
 676 0020 00       		.byte	0
 677 0021 0B       		.uleb128 0xb
 678 0022 0B       		.uleb128 0xb
 679 0023 3E       		.uleb128 0x3e
 680 0024 0B       		.uleb128 0xb
 681 0025 03       		.uleb128 0x3
 682 0026 08       		.uleb128 0x8
 683 0027 00       		.byte	0
 684 0028 00       		.byte	0
 685 0029 04       		.uleb128 0x4
 686 002a 16       		.uleb128 0x16
 687 002b 00       		.byte	0
ARM GAS  C:\Users\jimvr\AppData\Local\Temp\ccJWQyKu.s 			page 15


 688 002c 03       		.uleb128 0x3
 689 002d 0E       		.uleb128 0xe
 690 002e 3A       		.uleb128 0x3a
 691 002f 0B       		.uleb128 0xb
 692 0030 3B       		.uleb128 0x3b
 693 0031 05       		.uleb128 0x5
 694 0032 49       		.uleb128 0x49
 695 0033 13       		.uleb128 0x13
 696 0034 00       		.byte	0
 697 0035 00       		.byte	0
 698 0036 05       		.uleb128 0x5
 699 0037 13       		.uleb128 0x13
 700 0038 01       		.byte	0x1
 701 0039 0B       		.uleb128 0xb
 702 003a 0B       		.uleb128 0xb
 703 003b 3A       		.uleb128 0x3a
 704 003c 0B       		.uleb128 0xb
 705 003d 3B       		.uleb128 0x3b
 706 003e 0B       		.uleb128 0xb
 707 003f 01       		.uleb128 0x1
 708 0040 13       		.uleb128 0x13
 709 0041 00       		.byte	0
 710 0042 00       		.byte	0
 711 0043 06       		.uleb128 0x6
 712 0044 0D       		.uleb128 0xd
 713 0045 00       		.byte	0
 714 0046 03       		.uleb128 0x3
 715 0047 0E       		.uleb128 0xe
 716 0048 3A       		.uleb128 0x3a
 717 0049 0B       		.uleb128 0xb
 718 004a 3B       		.uleb128 0x3b
 719 004b 0B       		.uleb128 0xb
 720 004c 49       		.uleb128 0x49
 721 004d 13       		.uleb128 0x13
 722 004e 38       		.uleb128 0x38
 723 004f 0B       		.uleb128 0xb
 724 0050 00       		.byte	0
 725 0051 00       		.byte	0
 726 0052 07       		.uleb128 0x7
 727 0053 0F       		.uleb128 0xf
 728 0054 00       		.byte	0
 729 0055 0B       		.uleb128 0xb
 730 0056 0B       		.uleb128 0xb
 731 0057 49       		.uleb128 0x49
 732 0058 13       		.uleb128 0x13
 733 0059 00       		.byte	0
 734 005a 00       		.byte	0
 735 005b 08       		.uleb128 0x8
 736 005c 16       		.uleb128 0x16
 737 005d 00       		.byte	0
 738 005e 03       		.uleb128 0x3
 739 005f 0E       		.uleb128 0xe
 740 0060 3A       		.uleb128 0x3a
 741 0061 0B       		.uleb128 0xb
 742 0062 3B       		.uleb128 0x3b
 743 0063 0B       		.uleb128 0xb
 744 0064 49       		.uleb128 0x49
ARM GAS  C:\Users\jimvr\AppData\Local\Temp\ccJWQyKu.s 			page 16


 745 0065 13       		.uleb128 0x13
 746 0066 00       		.byte	0
 747 0067 00       		.byte	0
 748 0068 09       		.uleb128 0x9
 749 0069 2E       		.uleb128 0x2e
 750 006a 01       		.byte	0x1
 751 006b 3F       		.uleb128 0x3f
 752 006c 19       		.uleb128 0x19
 753 006d 03       		.uleb128 0x3
 754 006e 0E       		.uleb128 0xe
 755 006f 3A       		.uleb128 0x3a
 756 0070 0B       		.uleb128 0xb
 757 0071 3B       		.uleb128 0x3b
 758 0072 0B       		.uleb128 0xb
 759 0073 27       		.uleb128 0x27
 760 0074 19       		.uleb128 0x19
 761 0075 11       		.uleb128 0x11
 762 0076 01       		.uleb128 0x1
 763 0077 12       		.uleb128 0x12
 764 0078 06       		.uleb128 0x6
 765 0079 40       		.uleb128 0x40
 766 007a 18       		.uleb128 0x18
 767 007b 9742     		.uleb128 0x2117
 768 007d 19       		.uleb128 0x19
 769 007e 01       		.uleb128 0x1
 770 007f 13       		.uleb128 0x13
 771 0080 00       		.byte	0
 772 0081 00       		.byte	0
 773 0082 0A       		.uleb128 0xa
 774 0083 34       		.uleb128 0x34
 775 0084 00       		.byte	0
 776 0085 03       		.uleb128 0x3
 777 0086 0E       		.uleb128 0xe
 778 0087 3A       		.uleb128 0x3a
 779 0088 0B       		.uleb128 0xb
 780 0089 3B       		.uleb128 0x3b
 781 008a 0B       		.uleb128 0xb
 782 008b 49       		.uleb128 0x49
 783 008c 13       		.uleb128 0x13
 784 008d 00       		.byte	0
 785 008e 00       		.byte	0
 786 008f 0B       		.uleb128 0xb
 787 0090 34       		.uleb128 0x34
 788 0091 00       		.byte	0
 789 0092 03       		.uleb128 0x3
 790 0093 08       		.uleb128 0x8
 791 0094 3A       		.uleb128 0x3a
 792 0095 0B       		.uleb128 0xb
 793 0096 3B       		.uleb128 0x3b
 794 0097 0B       		.uleb128 0xb
 795 0098 49       		.uleb128 0x49
 796 0099 13       		.uleb128 0x13
 797 009a 02       		.uleb128 0x2
 798 009b 17       		.uleb128 0x17
 799 009c 00       		.byte	0
 800 009d 00       		.byte	0
 801 009e 0C       		.uleb128 0xc
ARM GAS  C:\Users\jimvr\AppData\Local\Temp\ccJWQyKu.s 			page 17


 802 009f 2E       		.uleb128 0x2e
 803 00a0 01       		.byte	0x1
 804 00a1 3F       		.uleb128 0x3f
 805 00a2 19       		.uleb128 0x19
 806 00a3 03       		.uleb128 0x3
 807 00a4 0E       		.uleb128 0xe
 808 00a5 3A       		.uleb128 0x3a
 809 00a6 0B       		.uleb128 0xb
 810 00a7 3B       		.uleb128 0x3b
 811 00a8 0B       		.uleb128 0xb
 812 00a9 27       		.uleb128 0x27
 813 00aa 19       		.uleb128 0x19
 814 00ab 49       		.uleb128 0x49
 815 00ac 13       		.uleb128 0x13
 816 00ad 3C       		.uleb128 0x3c
 817 00ae 19       		.uleb128 0x19
 818 00af 01       		.uleb128 0x1
 819 00b0 13       		.uleb128 0x13
 820 00b1 00       		.byte	0
 821 00b2 00       		.byte	0
 822 00b3 0D       		.uleb128 0xd
 823 00b4 05       		.uleb128 0x5
 824 00b5 00       		.byte	0
 825 00b6 49       		.uleb128 0x49
 826 00b7 13       		.uleb128 0x13
 827 00b8 00       		.byte	0
 828 00b9 00       		.byte	0
 829 00ba 0E       		.uleb128 0xe
 830 00bb 898201   		.uleb128 0x4109
 831 00be 01       		.byte	0x1
 832 00bf 11       		.uleb128 0x11
 833 00c0 01       		.uleb128 0x1
 834 00c1 31       		.uleb128 0x31
 835 00c2 13       		.uleb128 0x13
 836 00c3 01       		.uleb128 0x1
 837 00c4 13       		.uleb128 0x13
 838 00c5 00       		.byte	0
 839 00c6 00       		.byte	0
 840 00c7 0F       		.uleb128 0xf
 841 00c8 8A8201   		.uleb128 0x410a
 842 00cb 00       		.byte	0
 843 00cc 02       		.uleb128 0x2
 844 00cd 18       		.uleb128 0x18
 845 00ce 9142     		.uleb128 0x2111
 846 00d0 18       		.uleb128 0x18
 847 00d1 00       		.byte	0
 848 00d2 00       		.byte	0
 849 00d3 10       		.uleb128 0x10
 850 00d4 898201   		.uleb128 0x4109
 851 00d7 01       		.byte	0x1
 852 00d8 11       		.uleb128 0x11
 853 00d9 01       		.uleb128 0x1
 854 00da 31       		.uleb128 0x31
 855 00db 13       		.uleb128 0x13
 856 00dc 00       		.byte	0
 857 00dd 00       		.byte	0
 858 00de 11       		.uleb128 0x11
ARM GAS  C:\Users\jimvr\AppData\Local\Temp\ccJWQyKu.s 			page 18


 859 00df 0F       		.uleb128 0xf
 860 00e0 00       		.byte	0
 861 00e1 0B       		.uleb128 0xb
 862 00e2 0B       		.uleb128 0xb
 863 00e3 00       		.byte	0
 864 00e4 00       		.byte	0
 865 00e5 12       		.uleb128 0x12
 866 00e6 26       		.uleb128 0x26
 867 00e7 00       		.byte	0
 868 00e8 00       		.byte	0
 869 00e9 00       		.byte	0
 870 00ea 13       		.uleb128 0x13
 871 00eb 2E       		.uleb128 0x2e
 872 00ec 01       		.byte	0x1
 873 00ed 3F       		.uleb128 0x3f
 874 00ee 19       		.uleb128 0x19
 875 00ef 03       		.uleb128 0x3
 876 00f0 0E       		.uleb128 0xe
 877 00f1 3A       		.uleb128 0x3a
 878 00f2 0B       		.uleb128 0xb
 879 00f3 3B       		.uleb128 0x3b
 880 00f4 0B       		.uleb128 0xb
 881 00f5 27       		.uleb128 0x27
 882 00f6 19       		.uleb128 0x19
 883 00f7 49       		.uleb128 0x49
 884 00f8 13       		.uleb128 0x13
 885 00f9 11       		.uleb128 0x11
 886 00fa 01       		.uleb128 0x1
 887 00fb 12       		.uleb128 0x12
 888 00fc 06       		.uleb128 0x6
 889 00fd 40       		.uleb128 0x40
 890 00fe 18       		.uleb128 0x18
 891 00ff 9742     		.uleb128 0x2117
 892 0101 19       		.uleb128 0x19
 893 0102 01       		.uleb128 0x1
 894 0103 13       		.uleb128 0x13
 895 0104 00       		.byte	0
 896 0105 00       		.byte	0
 897 0106 14       		.uleb128 0x14
 898 0107 05       		.uleb128 0x5
 899 0108 00       		.byte	0
 900 0109 03       		.uleb128 0x3
 901 010a 0E       		.uleb128 0xe
 902 010b 3A       		.uleb128 0x3a
 903 010c 0B       		.uleb128 0xb
 904 010d 3B       		.uleb128 0x3b
 905 010e 0B       		.uleb128 0xb
 906 010f 49       		.uleb128 0x49
 907 0110 13       		.uleb128 0x13
 908 0111 02       		.uleb128 0x2
 909 0112 17       		.uleb128 0x17
 910 0113 00       		.byte	0
 911 0114 00       		.byte	0
 912 0115 15       		.uleb128 0x15
 913 0116 898201   		.uleb128 0x4109
 914 0119 00       		.byte	0
 915 011a 11       		.uleb128 0x11
ARM GAS  C:\Users\jimvr\AppData\Local\Temp\ccJWQyKu.s 			page 19


 916 011b 01       		.uleb128 0x1
 917 011c 31       		.uleb128 0x31
 918 011d 13       		.uleb128 0x13
 919 011e 00       		.byte	0
 920 011f 00       		.byte	0
 921 0120 16       		.uleb128 0x16
 922 0121 2E       		.uleb128 0x2e
 923 0122 00       		.byte	0
 924 0123 3F       		.uleb128 0x3f
 925 0124 19       		.uleb128 0x19
 926 0125 03       		.uleb128 0x3
 927 0126 0E       		.uleb128 0xe
 928 0127 3A       		.uleb128 0x3a
 929 0128 0B       		.uleb128 0xb
 930 0129 3B       		.uleb128 0x3b
 931 012a 0B       		.uleb128 0xb
 932 012b 27       		.uleb128 0x27
 933 012c 19       		.uleb128 0x19
 934 012d 49       		.uleb128 0x49
 935 012e 13       		.uleb128 0x13
 936 012f 11       		.uleb128 0x11
 937 0130 01       		.uleb128 0x1
 938 0131 12       		.uleb128 0x12
 939 0132 06       		.uleb128 0x6
 940 0133 40       		.uleb128 0x40
 941 0134 18       		.uleb128 0x18
 942 0135 9742     		.uleb128 0x2117
 943 0137 19       		.uleb128 0x19
 944 0138 00       		.byte	0
 945 0139 00       		.byte	0
 946 013a 17       		.uleb128 0x17
 947 013b 01       		.uleb128 0x1
 948 013c 01       		.byte	0x1
 949 013d 49       		.uleb128 0x49
 950 013e 13       		.uleb128 0x13
 951 013f 01       		.uleb128 0x1
 952 0140 13       		.uleb128 0x13
 953 0141 00       		.byte	0
 954 0142 00       		.byte	0
 955 0143 18       		.uleb128 0x18
 956 0144 21       		.uleb128 0x21
 957 0145 00       		.byte	0
 958 0146 49       		.uleb128 0x49
 959 0147 13       		.uleb128 0x13
 960 0148 2F       		.uleb128 0x2f
 961 0149 0B       		.uleb128 0xb
 962 014a 00       		.byte	0
 963 014b 00       		.byte	0
 964 014c 19       		.uleb128 0x19
 965 014d 34       		.uleb128 0x34
 966 014e 00       		.byte	0
 967 014f 03       		.uleb128 0x3
 968 0150 0E       		.uleb128 0xe
 969 0151 3A       		.uleb128 0x3a
 970 0152 0B       		.uleb128 0xb
 971 0153 3B       		.uleb128 0x3b
 972 0154 0B       		.uleb128 0xb
ARM GAS  C:\Users\jimvr\AppData\Local\Temp\ccJWQyKu.s 			page 20


 973 0155 49       		.uleb128 0x49
 974 0156 13       		.uleb128 0x13
 975 0157 3F       		.uleb128 0x3f
 976 0158 19       		.uleb128 0x19
 977 0159 3C       		.uleb128 0x3c
 978 015a 19       		.uleb128 0x19
 979 015b 00       		.byte	0
 980 015c 00       		.byte	0
 981 015d 1A       		.uleb128 0x1a
 982 015e 2E       		.uleb128 0x2e
 983 015f 00       		.byte	0
 984 0160 3F       		.uleb128 0x3f
 985 0161 19       		.uleb128 0x19
 986 0162 3C       		.uleb128 0x3c
 987 0163 19       		.uleb128 0x19
 988 0164 6E       		.uleb128 0x6e
 989 0165 0E       		.uleb128 0xe
 990 0166 03       		.uleb128 0x3
 991 0167 0E       		.uleb128 0xe
 992 0168 3A       		.uleb128 0x3a
 993 0169 0B       		.uleb128 0xb
 994 016a 3B       		.uleb128 0x3b
 995 016b 0B       		.uleb128 0xb
 996 016c 00       		.byte	0
 997 016d 00       		.byte	0
 998 016e 1B       		.uleb128 0x1b
 999 016f 2E       		.uleb128 0x2e
 1000 0170 00       		.byte	0
 1001 0171 3F       		.uleb128 0x3f
 1002 0172 19       		.uleb128 0x19
 1003 0173 3C       		.uleb128 0x3c
 1004 0174 19       		.uleb128 0x19
 1005 0175 6E       		.uleb128 0x6e
 1006 0176 0E       		.uleb128 0xe
 1007 0177 03       		.uleb128 0x3
 1008 0178 0E       		.uleb128 0xe
 1009 0179 00       		.byte	0
 1010 017a 00       		.byte	0
 1011 017b 00       		.byte	0
 1012              		.section	.debug_loc,"",%progbits
 1013              	.Ldebug_loc0:
 1014              	.LLST0:
 1015 0000 32000000 		.4byte	.LVL2
 1016 0004 36000000 		.4byte	.LVL3
 1017 0008 0200     		.2byte	0x2
 1018 000a 30       		.byte	0x30
 1019 000b 9F       		.byte	0x9f
 1020 000c 36000000 		.4byte	.LVL3
 1021 0010 46000000 		.4byte	.LVL4
 1022 0014 0100     		.2byte	0x1
 1023 0016 53       		.byte	0x53
 1024 0017 46000000 		.4byte	.LVL4
 1025 001b 48000000 		.4byte	.LVL5
 1026 001f 0300     		.2byte	0x3
 1027 0021 73       		.byte	0x73
 1028 0022 01       		.sleb128 1
 1029 0023 9F       		.byte	0x9f
ARM GAS  C:\Users\jimvr\AppData\Local\Temp\ccJWQyKu.s 			page 21


 1030 0024 00000000 		.4byte	0
 1031 0028 00000000 		.4byte	0
 1032              	.LLST1:
 1033 002c 00000000 		.4byte	.LVL6
 1034 0030 21000000 		.4byte	.LVL9-1
 1035 0034 0100     		.2byte	0x1
 1036 0036 50       		.byte	0x50
 1037 0037 21000000 		.4byte	.LVL9-1
 1038 003b 7C000000 		.4byte	.LFE0
 1039 003f 0400     		.2byte	0x4
 1040 0041 F3       		.byte	0xf3
 1041 0042 01       		.uleb128 0x1
 1042 0043 50       		.byte	0x50
 1043 0044 9F       		.byte	0x9f
 1044 0045 00000000 		.4byte	0
 1045 0049 00000000 		.4byte	0
 1046              	.LLST2:
 1047 004d 00000000 		.4byte	.LVL6
 1048 0051 21000000 		.4byte	.LVL9-1
 1049 0055 0100     		.2byte	0x1
 1050 0057 51       		.byte	0x51
 1051 0058 21000000 		.4byte	.LVL9-1
 1052 005c 7C000000 		.4byte	.LFE0
 1053 0060 0400     		.2byte	0x4
 1054 0062 F3       		.byte	0xf3
 1055 0063 01       		.uleb128 0x1
 1056 0064 51       		.byte	0x51
 1057 0065 9F       		.byte	0x9f
 1058 0066 00000000 		.4byte	0
 1059 006a 00000000 		.4byte	0
 1060              	.LLST3:
 1061 006e 00000000 		.4byte	.LVL6
 1062 0072 21000000 		.4byte	.LVL9-1
 1063 0076 0100     		.2byte	0x1
 1064 0078 52       		.byte	0x52
 1065 0079 21000000 		.4byte	.LVL9-1
 1066 007d 66000000 		.4byte	.LVL13
 1067 0081 0100     		.2byte	0x1
 1068 0083 5B       		.byte	0x5b
 1069 0084 66000000 		.4byte	.LVL13
 1070 0088 7C000000 		.4byte	.LFE0
 1071 008c 0400     		.2byte	0x4
 1072 008e F3       		.byte	0xf3
 1073 008f 01       		.uleb128 0x1
 1074 0090 52       		.byte	0x52
 1075 0091 9F       		.byte	0x9f
 1076 0092 00000000 		.4byte	0
 1077 0096 00000000 		.4byte	0
 1078              	.LLST4:
 1079 009a 00000000 		.4byte	.LVL6
 1080 009e 0C000000 		.4byte	.LVL7
 1081 00a2 0100     		.2byte	0x1
 1082 00a4 53       		.byte	0x53
 1083 00a5 0C000000 		.4byte	.LVL7
 1084 00a9 7C000000 		.4byte	.LFE0
 1085 00ad 0400     		.2byte	0x4
 1086 00af F3       		.byte	0xf3
ARM GAS  C:\Users\jimvr\AppData\Local\Temp\ccJWQyKu.s 			page 22


 1087 00b0 01       		.uleb128 0x1
 1088 00b1 53       		.byte	0x53
 1089 00b2 9F       		.byte	0x9f
 1090 00b3 00000000 		.4byte	0
 1091 00b7 00000000 		.4byte	0
 1092              	.LLST5:
 1093 00bb 14000000 		.4byte	.LVL8
 1094 00bf 2C000000 		.4byte	.LVL10
 1095 00c3 0800     		.2byte	0x8
 1096 00c5 58       		.byte	0x58
 1097 00c6 93       		.byte	0x93
 1098 00c7 02       		.uleb128 0x2
 1099 00c8 57       		.byte	0x57
 1100 00c9 93       		.byte	0x93
 1101 00ca 01       		.uleb128 0x1
 1102 00cb 93       		.byte	0x93
 1103 00cc 05       		.uleb128 0x5
 1104 00cd 2C000000 		.4byte	.LVL10
 1105 00d1 62000000 		.4byte	.LVL12
 1106 00d5 0C00     		.2byte	0xc
 1107 00d7 58       		.byte	0x58
 1108 00d8 93       		.byte	0x93
 1109 00d9 02       		.uleb128 0x2
 1110 00da 57       		.byte	0x57
 1111 00db 93       		.byte	0x93
 1112 00dc 01       		.uleb128 0x1
 1113 00dd 54       		.byte	0x54
 1114 00de 93       		.byte	0x93
 1115 00df 01       		.uleb128 0x1
 1116 00e0 59       		.byte	0x59
 1117 00e1 93       		.byte	0x93
 1118 00e2 04       		.uleb128 0x4
 1119 00e3 00000000 		.4byte	0
 1120 00e7 00000000 		.4byte	0
 1121              		.section	.debug_aranges,"",%progbits
 1122 0000 34000000 		.4byte	0x34
 1123 0004 0200     		.2byte	0x2
 1124 0006 00000000 		.4byte	.Ldebug_info0
 1125 000a 04       		.byte	0x4
 1126 000b 00       		.byte	0
 1127 000c 0000     		.2byte	0
 1128 000e 0000     		.2byte	0
 1129 0010 00000000 		.4byte	.LFB1
 1130 0014 7C000000 		.4byte	.LFE1-.LFB1
 1131 0018 00000000 		.4byte	.LFB0
 1132 001c 7C000000 		.4byte	.LFE0-.LFB0
 1133 0020 00000000 		.4byte	.LFB2
 1134 0024 10000000 		.4byte	.LFE2-.LFB2
 1135 0028 00000000 		.4byte	.LFB3
 1136 002c 0C000000 		.4byte	.LFE3-.LFB3
 1137 0030 00000000 		.4byte	0
 1138 0034 00000000 		.4byte	0
 1139              		.section	.debug_ranges,"",%progbits
 1140              	.Ldebug_ranges0:
 1141 0000 00000000 		.4byte	.LFB1
 1142 0004 7C000000 		.4byte	.LFE1
 1143 0008 00000000 		.4byte	.LFB0
ARM GAS  C:\Users\jimvr\AppData\Local\Temp\ccJWQyKu.s 			page 23


 1144 000c 7C000000 		.4byte	.LFE0
 1145 0010 00000000 		.4byte	.LFB2
 1146 0014 10000000 		.4byte	.LFE2
 1147 0018 00000000 		.4byte	.LFB3
 1148 001c 0C000000 		.4byte	.LFE3
 1149 0020 00000000 		.4byte	0
 1150 0024 00000000 		.4byte	0
 1151              		.section	.debug_line,"",%progbits
 1152              	.Ldebug_line0:
 1153 0000 C2000000 		.section	.debug_str,"MS",%progbits,1
 1153      02004400 
 1153      00000201 
 1153      FB0E0D00 
 1153      01010101 
 1154              	.LASF2:
 1155 0000 73686F72 		.ascii	"short int\000"
 1155      7420696E 
 1155      7400
 1156              	.LASF19:
 1157 000a 73697A65 		.ascii	"sizetype\000"
 1157      74797065 
 1157      00
 1158              	.LASF27:
 1159 0013 6D656D63 		.ascii	"memcpy\000"
 1159      707900
 1160              	.LASF34:
 1161 001a 51756575 		.ascii	"QueueMemLen\000"
 1161      654D656D 
 1161      4C656E00 
 1162              	.LASF35:
 1163 0026 52444D5F 		.ascii	"RDM_pendingDequeue\000"
 1163      70656E64 
 1163      696E6744 
 1163      65717565 
 1163      756500
 1164              	.LASF33:
 1165 0039 51756575 		.ascii	"QueueMemPtr\000"
 1165      654D656D 
 1165      50747200 
 1166              	.LASF10:
 1167 0045 75696E74 		.ascii	"uint16\000"
 1167      313600
 1168              	.LASF41:
 1169 004c 71756575 		.ascii	"queue_enqueue\000"
 1169      655F656E 
 1169      71756575 
 1169      6500
 1170              	.LASF9:
 1171 005a 75696E74 		.ascii	"uint8\000"
 1171      3800
 1172              	.LASF16:
 1173 0060 62795061 		.ascii	"byParameterLength\000"
 1173      72616D65 
 1173      7465724C 
 1173      656E6774 
 1173      6800
 1174              	.LASF11:
ARM GAS  C:\Users\jimvr\AppData\Local\Temp\ccJWQyKu.s 			page 24


 1175 0072 666C6F61 		.ascii	"float\000"
 1175      7400
 1176              	.LASF6:
 1177 0078 6C6F6E67 		.ascii	"long long int\000"
 1177      206C6F6E 
 1177      6720696E 
 1177      7400
 1178              	.LASF22:
 1179 0086 6D656D73 		.ascii	"memset\000"
 1179      657400
 1180              	.LASF4:
 1181 008d 6C6F6E67 		.ascii	"long int\000"
 1181      20696E74 
 1181      00
 1182              	.LASF24:
 1183 0096 636F6D6D 		.ascii	"commandClass\000"
 1183      616E6443 
 1183      6C617373 
 1183      00
 1184              	.LASF25:
 1185 00a3 44617461 		.ascii	"Data\000"
 1185      00
 1186              	.LASF32:
 1187 00a8 51756575 		.ascii	"QueueIndex\000"
 1187      65496E64 
 1187      657800
 1188              	.LASF21:
 1189 00b3 6D656D6D 		.ascii	"memmove\000"
 1189      6F766500 
 1190              	.LASF1:
 1191 00bb 756E7369 		.ascii	"unsigned char\000"
 1191      676E6564 
 1191      20636861 
 1191      7200
 1192              	.LASF28:
 1193 00c9 71756575 		.ascii	"queue_front\000"
 1193      655F6672 
 1193      6F6E7400 
 1194              	.LASF0:
 1195 00d5 7369676E 		.ascii	"signed char\000"
 1195      65642063 
 1195      68617200 
 1196              	.LASF7:
 1197 00e1 6C6F6E67 		.ascii	"long long unsigned int\000"
 1197      206C6F6E 
 1197      6720756E 
 1197      7369676E 
 1197      65642069 
 1198              	.LASF8:
 1199 00f8 756E7369 		.ascii	"unsigned int\000"
 1199      676E6564 
 1199      20696E74 
 1199      00
 1200              	.LASF36:
 1201 0105 474E5520 		.ascii	"GNU C11 5.4.1 20160609 (release) [ARM/embedded-5-br"
 1201      43313120 
 1201      352E342E 
ARM GAS  C:\Users\jimvr\AppData\Local\Temp\ccJWQyKu.s 			page 25


 1201      31203230 
 1201      31363036 
 1202 0138 616E6368 		.ascii	"anch revision 237715] -mcpu=cortex-m3 -mthumb -g -O"
 1202      20726576 
 1202      6973696F 
 1202      6E203233 
 1202      37373135 
 1203 016b 73202D66 		.ascii	"s -ffunction-sections -ffat-lto-objects\000"
 1203      66756E63 
 1203      74696F6E 
 1203      2D736563 
 1203      74696F6E 
 1204              	.LASF18:
 1205 0193 73747275 		.ascii	"structQueueItem\000"
 1205      63745175 
 1205      65756549 
 1205      74656D00 
 1206              	.LASF3:
 1207 01a3 73686F72 		.ascii	"short unsigned int\000"
 1207      7420756E 
 1207      7369676E 
 1207      65642069 
 1207      6E7400
 1208              	.LASF15:
 1209 01b6 6279436F 		.ascii	"byCommandClass\000"
 1209      6D6D616E 
 1209      64436C61 
 1209      737300
 1210              	.LASF13:
 1211 01c5 63686172 		.ascii	"char\000"
 1211      00
 1212              	.LASF31:
 1213 01ca 51756575 		.ascii	"QueueMemory\000"
 1213      654D656D 
 1213      6F727900 
 1214              	.LASF20:
 1215 01d6 5F426F6F 		.ascii	"_Bool\000"
 1215      6C00
 1216              	.LASF30:
 1217 01dc 51756575 		.ascii	"Queue\000"
 1217      6500
 1218              	.LASF37:
 1219 01e2 71756575 		.ascii	"queue.c\000"
 1219      652E6300 
 1220              	.LASF39:
 1221 01ea 71756575 		.ascii	"queue_dequeue\000"
 1221      655F6465 
 1221      71756575 
 1221      6500
 1222              	.LASF5:
 1223 01f8 6C6F6E67 		.ascii	"long unsigned int\000"
 1223      20756E73 
 1223      69676E65 
 1223      6420696E 
 1223      7400
 1224              	.LASF12:
 1225 020a 646F7562 		.ascii	"double\000"
ARM GAS  C:\Users\jimvr\AppData\Local\Temp\ccJWQyKu.s 			page 26


 1225      6C6500
 1226              	.LASF38:
 1227 0211 433A5C55 		.ascii	"C:\\Users\\jimvr\\Desktop\\Cineo_6Channel_Driver\\C"
 1227      73657273 
 1227      5C6A696D 
 1227      76725C44 
 1227      65736B74 
 1228 023f 696E656F 		.ascii	"ineo_6Channel_Driver\\ColorGenie6_RDMlib.cylib\000"
 1228      5F364368 
 1228      616E6E65 
 1228      6C5F4472 
 1228      69766572 
 1229              	.LASF40:
 1230 026d 6D656D4C 		.ascii	"memLen\000"
 1230      656E00
 1231              	.LASF17:
 1232 0274 62795061 		.ascii	"byParameterData\000"
 1232      72616D65 
 1232      74657244 
 1232      61746100 
 1233              	.LASF26:
 1234 0284 44617461 		.ascii	"DataLength\000"
 1234      4C656E67 
 1234      746800
 1235              	.LASF23:
 1236 028f 70617261 		.ascii	"parameterID\000"
 1236      6D657465 
 1236      72494400 
 1237              	.LASF14:
 1238 029b 75695061 		.ascii	"uiParameterID\000"
 1238      72616D65 
 1238      74657249 
 1238      4400
 1239              	.LASF29:
 1240 02a9 71756575 		.ascii	"queue_count\000"
 1240      655F636F 
 1240      756E7400 
 1241              		.ident	"GCC: (GNU Tools for ARM Embedded Processors) 5.4.1 20160609 (release) [ARM/embedded-5-bran
